2019-09-03 14:55:26> Program: Starting Squirrel Updater: --createShortcut=Postman.exe
2019-09-03 14:55:26> ApplyReleasesImpl: About to create shortcuts for Postman.exe, rootAppDir C:\Users\kebo\AppData\Local\Postman
2019-09-03 14:55:26> ApplyReleasesImpl: Creating shortcut for Postman.exe => C:\Users\kebo\AppData\Roaming\Microsoft\Windows\Start Menu\Programs\GitHub, Inc.\Postman.lnk
2019-09-03 14:55:26> ApplyReleasesImpl: About to save shortcut: C:\Users\kebo\AppData\Roaming\Microsoft\Windows\Start Menu\Programs\GitHub, Inc.\Postman.lnk (target C:\Users\kebo\AppData\Local\Postman\Postman.exe, workingDir C:\Users\kebo\AppData\Local\Postman\app-7.6.0, args , toastActivatorCSLID d56d0ae8-2c2a-5b45-bd3b-9973bc69da9e)
2019-09-03 14:55:26> ApplyReleasesImpl: Creating shortcut for Postman.exe => C:\Users\kebo\Desktop\Postman.lnk
2019-09-03 14:55:26> ApplyReleasesImpl: About to save shortcut: C:\Users\kebo\Desktop\Postman.lnk (target C:\Users\kebo\AppData\Local\Postman\Postman.exe, workingDir C:\Users\kebo\AppData\Local\Postman\app-7.6.0, args , toastActivatorCSLID d56d0ae8-2c2a-5b45-bd3b-9973bc69da9e)
2019-09-03 14:55:26> ApplyReleasesImpl: Examining Pin: File Explorer.lnk
2019-09-03 14:55:26> ApplyReleasesImpl: Examining Pin: Google Chrome.lnk
2019-09-17 15:37:09> Program: Starting Squirrel Updater: --checkForUpdate https://dl.pstmn.io/update/WIN64/7.6.0/stable?installationId=78c2094c-3c4d-400b-b8e5-4f2342b0211b&userId=8219635&syncEnabled=true&teamPlan=
2019-09-17 15:37:09> Program: Fetching update information, downloading from https://dl.pstmn.io/update/WIN64/7.6.0/stable?installationId=78c2094c-3c4d-400b-b8e5-4f2342b0211b&userId=8219635&syncEnabled=true&teamPlan=
2019-09-17 15:37:09> CheckForUpdateImpl: Generated new staging user ID: 7625446b-966d-56f8-8bc8-baf1a4c7727b
2019-09-17 15:37:09> CheckForUpdateImpl: Downloading RELEASES file from https://dl.pstmn.io/update/WIN64/7.6.0/stable?installationId=78c2094c-3c4d-400b-b8e5-4f2342b0211b&userId=8219635&syncEnabled=true&teamPlan=
2019-09-17 15:37:09> FileDownloader: Downloading url: https://dl.pstmn.io/update/WIN64/7.6.0/stable/RELEASES?installationId=78c2094c-3c4d-400b-b8e5-4f2342b0211b&userId=8219635&syncEnabled=true&teamPlan=&id=Postman&localVersion=7.6.0&arch=amd64
2019-09-17 15:37:10> UpdateInfo: Couldn't get release notes for:Postman-win64-7.7.2-delta.nupkg: System.IO.FileNotFoundException: 未能找到文件“C:\Users\kebo\AppData\Local\Postman\packages\Postman-win64-7.7.2-delta.nupkg”。
文件名:“C:\Users\kebo\AppData\Local\Postman\packages\Postman-win64-7.7.2-delta.nupkg”
   在 System.IO.__Error.WinIOError(Int32 errorCode, String maybeFullPath)
   在 System.IO.FileStream.Init(String path, FileMode mode, FileAccess access, Int32 rights, Boolean useRights, FileShare share, Int32 bufferSize, FileOptions options, SECURITY_ATTRIBUTES secAttrs, String msgPath, Boolean bFromProxy, Boolean useLongPath, Boolean checkHost)
   在 System.IO.FileStream..ctor(String path, FileMode mode, FileAccess access, FileShare share)
   在 NuGet.ZipPackage.<>c__DisplayClass9_0.<.ctor>b__0()
   在 NuGet.ZipPackage.EnsureManifest()
   在 NuGet.ZipPackage..ctor(String filePath, Boolean enableCaching)
   在 Squirrel.ReleaseEntry.GetReleaseNotes(String packageDirectory)
   在 Squirrel.UpdateInfo.<FetchReleaseNotes>b__19_0(ReleaseEntry x)
2019-09-17 15:37:10> Program: Starting Squirrel Updater: --update https://dl.pstmn.io/update/WIN64/7.6.0/stable?installationId=78c2094c-3c4d-400b-b8e5-4f2342b0211b&userId=8219635&syncEnabled=true&teamPlan=
2019-09-17 15:37:10> Program: Starting update, downloading from https://dl.pstmn.io/update/WIN64/7.6.0/stable?installationId=78c2094c-3c4d-400b-b8e5-4f2342b0211b&userId=8219635&syncEnabled=true&teamPlan=
2019-09-17 15:37:10> Program: About to update to: C:\Users\kebo\AppData\Local\Postman
2019-09-17 15:37:10> CheckForUpdateImpl: Using existing staging user ID: 7625446b-966d-56f8-8bc8-baf1a4c7727b
2019-09-17 15:37:10> CheckForUpdateImpl: Downloading RELEASES file from https://dl.pstmn.io/update/WIN64/7.6.0/stable?installationId=78c2094c-3c4d-400b-b8e5-4f2342b0211b&userId=8219635&syncEnabled=true&teamPlan=
2019-09-17 15:37:10> FileDownloader: Downloading url: https://dl.pstmn.io/update/WIN64/7.6.0/stable/RELEASES?installationId=78c2094c-3c4d-400b-b8e5-4f2342b0211b&userId=8219635&syncEnabled=true&teamPlan=&id=Postman&localVersion=7.6.0&arch=amd64
2019-09-17 15:37:12> FileDownloader: Downloading file: https://dl.pstmn.io/download/7.7.2/Postman-win64-7.7.2-delta.nupkg
2019-09-17 15:56:26> DeltaPackageBuilder: lib\net45\api-ms-win-core-console-l1-1-0.dll.diff exists unchanged, skipping
2019-09-17 15:56:26> DeltaPackageBuilder: lib\net45\api-ms-win-core-datetime-l1-1-0.dll.diff exists unchanged, skipping
2019-09-17 15:56:26> DeltaPackageBuilder: lib\net45\api-ms-win-core-debug-l1-1-0.dll.diff exists unchanged, skipping
2019-09-17 15:56:26> DeltaPackageBuilder: lib\net45\api-ms-win-core-errorhandling-l1-1-0.dll.diff exists unchanged, skipping
2019-09-17 15:56:26> DeltaPackageBuilder: lib\net45\api-ms-win-core-file-l1-1-0.dll.diff exists unchanged, skipping
2019-09-17 15:56:26> DeltaPackageBuilder: lib\net45\api-ms-win-core-file-l1-2-0.dll.diff exists unchanged, skipping
2019-09-17 15:56:26> DeltaPackageBuilder: lib\net45\api-ms-win-core-file-l2-1-0.dll.diff exists unchanged, skipping
2019-09-17 15:56:26> DeltaPackageBuilder: lib\net45\api-ms-win-core-handle-l1-1-0.dll.diff exists unchanged, skipping
2019-09-17 15:56:26> DeltaPackageBuilder: lib\net45\api-ms-win-core-heap-l1-1-0.dll.diff exists unchanged, skipping
2019-09-17 15:56:26> DeltaPackageBuilder: lib\net45\api-ms-win-core-interlocked-l1-1-0.dll.diff exists unchanged, skipping
2019-09-17 15:56:26> DeltaPackageBuilder: lib\net45\api-ms-win-core-libraryloader-l1-1-0.dll.diff exists unchanged, skipping
2019-09-17 15:56:26> DeltaPackageBuilder: lib\net45\api-ms-win-core-localization-l1-2-0.dll.diff exists unchanged, skipping
2019-09-17 15:56:26> DeltaPackageBuilder: lib\net45\api-ms-win-core-memory-l1-1-0.dll.diff exists unchanged, skipping
2019-09-17 15:56:26> DeltaPackageBuilder: lib\net45\api-ms-win-core-namedpipe-l1-1-0.dll.diff exists unchanged, skipping
2019-09-17 15:56:26> DeltaPackageBuilder: lib\net45\api-ms-win-core-processenvironment-l1-1-0.dll.diff exists unchanged, skipping
2019-09-17 15:56:26> DeltaPackageBuilder: lib\net45\api-ms-win-core-processthreads-l1-1-0.dll.diff exists unchanged, skipping
2019-09-17 15:56:26> DeltaPackageBuilder: lib\net45\api-ms-win-core-processthreads-l1-1-1.dll.diff exists unchanged, skipping
2019-09-17 15:56:26> DeltaPackageBuilder: lib\net45\api-ms-win-core-profile-l1-1-0.dll.diff exists unchanged, skipping
2019-09-17 15:56:26> DeltaPackageBuilder: lib\net45\api-ms-win-core-rtlsupport-l1-1-0.dll.diff exists unchanged, skipping
2019-09-17 15:56:26> DeltaPackageBuilder: lib\net45\api-ms-win-core-string-l1-1-0.dll.diff exists unchanged, skipping
2019-09-17 15:56:26> DeltaPackageBuilder: lib\net45\api-ms-win-core-synch-l1-1-0.dll.diff exists unchanged, skipping
2019-09-17 15:56:26> DeltaPackageBuilder: lib\net45\api-ms-win-core-synch-l1-2-0.dll.diff exists unchanged, skipping
2019-09-17 15:56:26> DeltaPackageBuilder: lib\net45\api-ms-win-core-sysinfo-l1-1-0.dll.diff exists unchanged, skipping
2019-09-17 15:56:26> DeltaPackageBuilder: lib\net45\api-ms-win-core-timezone-l1-1-0.dll.diff exists unchanged, skipping
2019-09-17 15:56:26> DeltaPackageBuilder: lib\net45\api-ms-win-core-util-l1-1-0.dll.diff exists unchanged, skipping
2019-09-17 15:56:26> DeltaPackageBuilder: lib\net45\api-ms-win-crt-conio-l1-1-0.dll.diff exists unchanged, skipping
2019-09-17 15:56:26> DeltaPackageBuilder: lib\net45\api-ms-win-crt-convert-l1-1-0.dll.diff exists unchanged, skipping
2019-09-17 15:56:26> DeltaPackageBuilder: lib\net45\api-ms-win-crt-environment-l1-1-0.dll.diff exists unchanged, skipping
2019-09-17 15:56:26> DeltaPackageBuilder: lib\net45\api-ms-win-crt-filesystem-l1-1-0.dll.diff exists unchanged, skipping
2019-09-17 15:56:26> DeltaPackageBuilder: lib\net45\api-ms-win-crt-heap-l1-1-0.dll.diff exists unchanged, skipping
2019-09-17 15:56:26> DeltaPackageBuilder: lib\net45\api-ms-win-crt-locale-l1-1-0.dll.diff exists unchanged, skipping
2019-09-17 15:56:26> DeltaPackageBuilder: lib\net45\api-ms-win-crt-math-l1-1-0.dll.diff exists unchanged, skipping
2019-09-17 15:56:26> DeltaPackageBuilder: lib\net45\api-ms-win-crt-multibyte-l1-1-0.dll.diff exists unchanged, skipping
2019-09-17 15:56:26> DeltaPackageBuilder: lib\net45\api-ms-win-crt-private-l1-1-0.dll.diff exists unchanged, skipping
2019-09-17 15:56:26> DeltaPackageBuilder: lib\net45\api-ms-win-crt-process-l1-1-0.dll.diff exists unchanged, skipping
2019-09-17 15:56:26> DeltaPackageBuilder: lib\net45\api-ms-win-crt-runtime-l1-1-0.dll.diff exists unchanged, skipping
2019-09-17 15:56:26> DeltaPackageBuilder: lib\net45\api-ms-win-crt-stdio-l1-1-0.dll.diff exists unchanged, skipping
2019-09-17 15:56:26> DeltaPackageBuilder: lib\net45\api-ms-win-crt-string-l1-1-0.dll.diff exists unchanged, skipping
2019-09-17 15:56:26> DeltaPackageBuilder: lib\net45\api-ms-win-crt-time-l1-1-0.dll.diff exists unchanged, skipping
2019-09-17 15:56:26> DeltaPackageBuilder: lib\net45\api-ms-win-crt-utility-l1-1-0.dll.diff exists unchanged, skipping
2019-09-17 15:56:26> DeltaPackageBuilder: lib\net45\blink_image_resources_200_percent.pak.diff exists unchanged, skipping
2019-09-17 15:56:26> DeltaPackageBuilder: lib\net45\content_resources_200_percent.pak.diff exists unchanged, skipping
2019-09-17 15:56:26> DeltaPackageBuilder: lib\net45\content_shell.pak.diff exists unchanged, skipping
2019-09-17 15:56:26> DeltaPackageBuilder: lib\net45\d3dcompiler_47.dll.diff exists unchanged, skipping
2019-09-17 15:56:26> DeltaPackageBuilder: Applying MSDiff to lib\net45\ffmpeg.dll.diff
2019-09-17 15:56:26> DeltaPackageBuilder: lib\net45\icudtl.dat.diff exists unchanged, skipping
2019-09-17 15:56:26> DeltaPackageBuilder: Applying MSDiff to lib\net45\libEGL.dll.diff
2019-09-17 15:56:26> DeltaPackageBuilder: Applying MSDiff to lib\net45\libGLESv2.dll.diff
2019-09-17 15:56:26> DeltaPackageBuilder: lib\net45\LICENSE.diff exists unchanged, skipping
2019-09-17 15:56:26> DeltaPackageBuilder: lib\net45\msvcp140.dll.diff exists unchanged, skipping
2019-09-17 15:56:26> DeltaPackageBuilder: lib\net45\natives_blob.bin.diff exists unchanged, skipping
2019-09-17 15:56:26> DeltaPackageBuilder: Applying MSDiff to lib\net45\node.dll.diff
2019-09-17 15:56:26> DeltaPackageBuilder: Applying BSDiff to lib\net45\Postman.exe.bsdiff
2019-09-17 15:56:28> DeltaPackageBuilder: Applying MSDiff to lib\net45\Postman_ExecutionStub.exe.diff
2019-09-17 15:56:28> DeltaPackageBuilder: Applying MSDiff to lib\net45\squirrel.exe.diff
2019-09-17 15:56:28> DeltaPackageBuilder: lib\net45\ucrtbase.dll.diff exists unchanged, skipping
2019-09-17 15:56:28> DeltaPackageBuilder: lib\net45\ui_resources_200_percent.pak.diff exists unchanged, skipping
2019-09-17 15:56:28> DeltaPackageBuilder: lib\net45\v8_context_snapshot.bin.diff exists unchanged, skipping
2019-09-17 15:56:28> DeltaPackageBuilder: lib\net45\vcruntime140.dll.diff exists unchanged, skipping
2019-09-17 15:56:28> DeltaPackageBuilder: lib\net45\views_resources_200_percent.pak.diff exists unchanged, skipping
2019-09-17 15:56:28> DeltaPackageBuilder: lib\net45\locales\am.pak.diff exists unchanged, skipping
2019-09-17 15:56:28> DeltaPackageBuilder: lib\net45\locales\ar.pak.diff exists unchanged, skipping
2019-09-17 15:56:28> DeltaPackageBuilder: lib\net45\locales\bg.pak.diff exists unchanged, skipping
2019-09-17 15:56:28> DeltaPackageBuilder: lib\net45\locales\bn.pak.diff exists unchanged, skipping
2019-09-17 15:56:28> DeltaPackageBuilder: lib\net45\locales\ca.pak.diff exists unchanged, skipping
2019-09-17 15:56:28> DeltaPackageBuilder: lib\net45\locales\cs.pak.diff exists unchanged, skipping
2019-09-17 15:56:28> DeltaPackageBuilder: lib\net45\locales\da.pak.diff exists unchanged, skipping
2019-09-17 15:56:28> DeltaPackageBuilder: lib\net45\locales\de.pak.diff exists unchanged, skipping
2019-09-17 15:56:28> DeltaPackageBuilder: lib\net45\locales\el.pak.diff exists unchanged, skipping
2019-09-17 15:56:28> DeltaPackageBuilder: lib\net45\locales\en-GB.pak.diff exists unchanged, skipping
2019-09-17 15:56:28> DeltaPackageBuilder: lib\net45\locales\en-US.pak.diff exists unchanged, skipping
2019-09-17 15:56:28> DeltaPackageBuilder: lib\net45\locales\es-419.pak.diff exists unchanged, skipping
2019-09-17 15:56:28> DeltaPackageBuilder: lib\net45\locales\es.pak.diff exists unchanged, skipping
2019-09-17 15:56:28> DeltaPackageBuilder: lib\net45\locales\et.pak.diff exists unchanged, skipping
2019-09-17 15:56:28> DeltaPackageBuilder: lib\net45\locales\fa.pak.diff exists unchanged, skipping
2019-09-17 15:56:28> DeltaPackageBuilder: lib\net45\locales\fake-bidi.pak.diff exists unchanged, skipping
2019-09-17 15:56:28> DeltaPackageBuilder: lib\net45\locales\fi.pak.diff exists unchanged, skipping
2019-09-17 15:56:28> DeltaPackageBuilder: lib\net45\locales\fil.pak.diff exists unchanged, skipping
2019-09-17 15:56:28> DeltaPackageBuilder: lib\net45\locales\fr.pak.diff exists unchanged, skipping
2019-09-17 15:56:28> DeltaPackageBuilder: lib\net45\locales\gu.pak.diff exists unchanged, skipping
2019-09-17 15:56:28> DeltaPackageBuilder: lib\net45\locales\he.pak.diff exists unchanged, skipping
2019-09-17 15:56:28> DeltaPackageBuilder: lib\net45\locales\hi.pak.diff exists unchanged, skipping
2019-09-17 15:56:28> DeltaPackageBuilder: lib\net45\locales\hr.pak.diff exists unchanged, skipping
2019-09-17 15:56:28> DeltaPackageBuilder: lib\net45\locales\hu.pak.diff exists unchanged, skipping
2019-09-17 15:56:28> DeltaPackageBuilder: lib\net45\locales\id.pak.diff exists unchanged, skipping
2019-09-17 15:56:28> DeltaPackageBuilder: lib\net45\locales\it.pak.diff exists unchanged, skipping
2019-09-17 15:56:28> DeltaPackageBuilder: lib\net45\locales\ja.pak.diff exists unchanged, skipping
2019-09-17 15:56:28> DeltaPackageBuilder: lib\net45\locales\kn.pak.diff exists unchanged, skipping
2019-09-17 15:56:28> DeltaPackageBuilder: lib\net45\locales\ko.pak.diff exists unchanged, skipping
2019-09-17 15:56:28> DeltaPackageBuilder: lib\net45\locales\lt.pak.diff exists unchanged, skipping
2019-09-17 15:56:28> DeltaPackageBuilder: lib\net45\locales\lv.pak.diff exists unchanged, skipping
2019-09-17 15:56:28> DeltaPackageBuilder: lib\net45\locales\ml.pak.diff exists unchanged, skipping
2019-09-17 15:56:28> DeltaPackageBuilder: lib\net45\locales\mr.pak.diff exists unchanged, skipping
2019-09-17 15:56:28> DeltaPackageBuilder: lib\net45\locales\ms.pak.diff exists unchanged, skipping
2019-09-17 15:56:28> DeltaPackageBuilder: lib\net45\locales\nb.pak.diff exists unchanged, skipping
2019-09-17 15:56:28> DeltaPackageBuilder: lib\net45\locales\nl.pak.diff exists unchanged, skipping
2019-09-17 15:56:28> DeltaPackageBuilder: lib\net45\locales\pl.pak.diff exists unchanged, skipping
2019-09-17 15:56:28> DeltaPackageBuilder: lib\net45\locales\pt-BR.pak.diff exists unchanged, skipping
2019-09-17 15:56:28> DeltaPackageBuilder: lib\net45\locales\pt-PT.pak.diff exists unchanged, skipping
2019-09-17 15:56:28> DeltaPackageBuilder: lib\net45\locales\ro.pak.diff exists unchanged, skipping
2019-09-17 15:56:28> DeltaPackageBuilder: lib\net45\locales\ru.pak.diff exists unchanged, skipping
2019-09-17 15:56:28> DeltaPackageBuilder: lib\net45\locales\sk.pak.diff exists unchanged, skipping
2019-09-17 15:56:28> DeltaPackageBuilder: lib\net45\locales\sl.pak.diff exists unchanged, skipping
2019-09-17 15:56:28> DeltaPackageBuilder: lib\net45\locales\sr.pak.diff exists unchanged, skipping
2019-09-17 15:56:28> DeltaPackageBuilder: lib\net45\locales\sv.pak.diff exists unchanged, skipping
2019-09-17 15:56:28> DeltaPackageBuilder: lib\net45\locales\sw.pak.diff exists unchanged, skipping
2019-09-17 15:56:28> DeltaPackageBuilder: lib\net45\locales\ta.pak.diff exists unchanged, skipping
2019-09-17 15:56:28> DeltaPackageBuilder: lib\net45\locales\te.pak.diff exists unchanged, skipping
2019-09-17 15:56:28> DeltaPackageBuilder: lib\net45\locales\th.pak.diff exists unchanged, skipping
2019-09-17 15:56:28> DeltaPackageBuilder: lib\net45\locales\tr.pak.diff exists unchanged, skipping
2019-09-17 15:56:28> DeltaPackageBuilder: lib\net45\locales\uk.pak.diff exists unchanged, skipping
2019-09-17 15:56:28> DeltaPackageBuilder: lib\net45\locales\vi.pak.diff exists unchanged, skipping
2019-09-17 15:56:28> DeltaPackageBuilder: lib\net45\locales\zh-CN.pak.diff exists unchanged, skipping
2019-09-17 15:56:28> DeltaPackageBuilder: lib\net45\locales\zh-TW.pak.diff exists unchanged, skipping
2019-09-17 15:56:28> DeltaPackageBuilder: Adding new file: lib\net45\resources\app.asar
2019-09-17 15:56:28> DeltaPackageBuilder: Adding new file: lib\net45\resources\electron.asar
2019-09-17 15:56:28> DeltaPackageBuilder: Updating metadata file: Postman.nuspec
2019-09-17 15:56:28> DeltaPackageBuilder: Updating metadata file: [Content_Types].xml
2019-09-17 15:56:28> DeltaPackageBuilder: Updating metadata file: package\services\metadata\core-properties\7ff00de4e6af44f38983931a22cce988.psmdcp
2019-09-17 15:56:28> DeltaPackageBuilder: Updating metadata file: _rels\.rels
2019-09-17 15:56:28> DeltaPackageBuilder: Repacking into full package: C:\Users\kebo\AppData\Local\Postman\packages\Postman-win64-7.7.2.nupkg
2019-09-17 15:56:46> ApplyReleasesImpl: Writing files to app directory: C:\Users\kebo\AppData\Local\Postman\app-7.7.2
2019-09-17 15:56:48> LogHost: Rigging execution stub for Postman_ExecutionStub.exe to C:\Users\kebo\AppData\Local\Postman\Postman.exe
2019-09-17 15:56:51> ApplyReleasesImpl: Squirrel Enabled Apps: [C:\Users\kebo\AppData\Local\Postman\app-7.7.2\Postman.exe]
2019-09-17 15:56:54> ApplyReleasesImpl: Starting fixPinnedExecutables
2019-09-17 15:56:54> ApplyReleasesImpl: Examining Pin: File Explorer.lnk
2019-09-17 15:56:54> ApplyReleasesImpl: Examining Pin: Google Chrome.lnk
2019-09-17 15:56:54> ApplyReleasesImpl: Fixing up tray icons
2019-09-17 15:56:54> ApplyReleasesImpl: cleanDeadVersions: for version 7.7.2
2019-09-17 15:56:54> ApplyReleasesImpl: cleanDeadVersions: exclude folder app-7.6.0
2019-09-17 15:56:54> ApplyReleasesImpl: cleanDeadVersions: exclude folder app-7.7.2
2019-09-17 15:56:55> InstallHelperImpl: Couldn't write uninstall icon, don't care: System.Net.WebException: 未能找到路径“C:\Users\Administrator\buildkite-agent\builds\pm-build\postman\app-package-and-deploy\resources\postman-prod.ico”的一部分。 ---> System.Net.WebException: 未能找到路径“C:\Users\Administrator\buildkite-agent\builds\pm-build\postman\app-package-and-deploy\resources\postman-prod.ico”的一部分。 ---> System.IO.DirectoryNotFoundException: 未能找到路径“C:\Users\Administrator\buildkite-agent\builds\pm-build\postman\app-package-and-deploy\resources\postman-prod.ico”的一部分。
   在 System.IO.__Error.WinIOError(Int32 errorCode, String maybeFullPath)
   在 System.IO.FileStream.Init(String path, FileMode mode, FileAccess access, Int32 rights, Boolean useRights, FileShare share, Int32 bufferSize, FileOptions options, SECURITY_ATTRIBUTES secAttrs, String msgPath, Boolean bFromProxy, Boolean useLongPath, Boolean checkHost)
   在 System.IO.FileStream..ctor(String path, FileMode mode, FileAccess access, FileShare share, Int32 bufferSize, FileOptions options, String msgPath, Boolean bFromProxy)
   在 System.Net.FileWebStream..ctor(FileWebRequest request, String path, FileMode mode, FileAccess access, FileShare sharing, Int32 length, Boolean async)
   在 System.Net.FileWebResponse..ctor(FileWebRequest request, Uri uri, FileAccess access, Boolean asyncHint)
   --- 内部异常堆栈跟踪的结尾 ---
   在 System.Net.FileWebResponse..ctor(FileWebRequest request, Uri uri, FileAccess access, Boolean asyncHint)
   在 System.Net.FileWebRequest.GetResponseCallback(Object state)
   --- 内部异常堆栈跟踪的结尾 ---
   在 System.Net.FileWebRequest.EndGetResponse(IAsyncResult asyncResult)
   在 System.Net.WebClient.GetWebResponse(WebRequest request, IAsyncResult result)
   在 System.Net.WebClient.DownloadBitsResponseCallback(IAsyncResult result)
--- 引发异常的上一位置中堆栈跟踪的末尾 ---
   在 System.Runtime.CompilerServices.TaskAwaiter.ThrowForNonSuccess(Task task)
   在 System.Runtime.CompilerServices.TaskAwaiter.HandleNonSuccessAndDebuggerNotification(Task task)
   在 System.Runtime.CompilerServices.TaskAwaiter.ValidateEnd(Task task)
   在 Squirrel.UpdateManager.InstallHelperImpl.<CreateUninstallerRegistryEntry>d__5.MoveNext()
2019-09-29 09:13:12> Program: Starting Squirrel Updater: --createShortcut=Postman.exe --shortcut-locations=StartMenu,Desktop
2019-09-29 09:13:12> ApplyReleasesImpl: About to create shortcuts for Postman.exe, rootAppDir C:\Users\kebo\AppData\Local\Postman
2019-09-29 09:13:13> ApplyReleasesImpl: Creating shortcut for Postman.exe => C:\Users\kebo\AppData\Roaming\Microsoft\Windows\Start Menu\Programs\Postman\Postman.lnk
2019-09-29 09:13:13> ApplyReleasesImpl: About to save shortcut: C:\Users\kebo\AppData\Roaming\Microsoft\Windows\Start Menu\Programs\Postman\Postman.lnk (target C:\Users\kebo\AppData\Local\Postman\Postman.exe, workingDir C:\Users\kebo\AppData\Local\Postman\app-7.7.2, args , toastActivatorCSLID d56d0ae8-2c2a-5b45-bd3b-9973bc69da9e)
2019-09-29 09:13:13> ApplyReleasesImpl: Creating shortcut for Postman.exe => C:\Users\kebo\Desktop\Postman.lnk
2019-09-29 09:13:13> ApplyReleasesImpl: About to save shortcut: C:\Users\kebo\Desktop\Postman.lnk (target C:\Users\kebo\AppData\Local\Postman\Postman.exe, workingDir C:\Users\kebo\AppData\Local\Postman\app-7.7.2, args , toastActivatorCSLID d56d0ae8-2c2a-5b45-bd3b-9973bc69da9e)
2019-09-29 09:13:13> ApplyReleasesImpl: Examining Pin: File Explorer.lnk
2019-09-29 09:13:13> ApplyReleasesImpl: Examining Pin: Google Chrome.lnk
2019-09-29 09:13:23> Program: Starting Squirrel Updater: --checkForUpdate https://dl.pstmn.io/update/WIN64/7.7.2/stable?installationId=78c2094c-3c4d-400b-b8e5-4f2342b0211b&userId=8219635&syncEnabled=true&teamPlan=
2019-09-29 09:13:23> Program: Fetching update information, downloading from https://dl.pstmn.io/update/WIN64/7.7.2/stable?installationId=78c2094c-3c4d-400b-b8e5-4f2342b0211b&userId=8219635&syncEnabled=true&teamPlan=
2019-09-29 09:13:23> CheckForUpdateImpl: Using existing staging user ID: 7625446b-966d-56f8-8bc8-baf1a4c7727b
2019-09-29 09:13:23> CheckForUpdateImpl: Downloading RELEASES file from https://dl.pstmn.io/update/WIN64/7.7.2/stable?installationId=78c2094c-3c4d-400b-b8e5-4f2342b0211b&userId=8219635&syncEnabled=true&teamPlan=
2019-09-29 09:13:23> FileDownloader: Downloading url: https://dl.pstmn.io/update/WIN64/7.7.2/stable/RELEASES?installationId=78c2094c-3c4d-400b-b8e5-4f2342b0211b&userId=8219635&syncEnabled=true&teamPlan=&id=Postman-win64&localVersion=7.7.2&arch=amd64
2019-09-29 09:13:25> UpdateInfo: Couldn't get release notes for:Postman-win64-7.7.3-delta.nupkg: System.IO.FileNotFoundException: 未能找到文件“C:\Users\kebo\AppData\Local\Postman\packages\Postman-win64-7.7.3-delta.nupkg”。
文件名:“C:\Users\kebo\AppData\Local\Postman\packages\Postman-win64-7.7.3-delta.nupkg”
   在 System.IO.__Error.WinIOError(Int32 errorCode, String maybeFullPath)
   在 System.IO.FileStream.Init(String path, FileMode mode, FileAccess access, Int32 rights, Boolean useRights, FileShare share, Int32 bufferSize, FileOptions options, SECURITY_ATTRIBUTES secAttrs, String msgPath, Boolean bFromProxy, Boolean useLongPath, Boolean checkHost)
   在 System.IO.FileStream..ctor(String path, FileMode mode, FileAccess access, FileShare share)
   在 NuGet.ZipPackage.<>c__DisplayClass9_0.<.ctor>b__0()
   在 NuGet.ZipPackage.EnsureManifest()
   在 NuGet.ZipPackage..ctor(String filePath, Boolean enableCaching)
   在 Squirrel.ReleaseEntry.GetReleaseNotes(String packageDirectory)
   在 Squirrel.UpdateInfo.<FetchReleaseNotes>b__19_0(ReleaseEntry x)
2019-09-29 09:13:25> UpdateInfo: Couldn't get release notes for:Postman-win64-7.8.0-delta.nupkg: System.IO.FileNotFoundException: 未能找到文件“C:\Users\kebo\AppData\Local\Postman\packages\Postman-win64-7.8.0-delta.nupkg”。
文件名:“C:\Users\kebo\AppData\Local\Postman\packages\Postman-win64-7.8.0-delta.nupkg”
   在 System.IO.__Error.WinIOError(Int32 errorCode, String maybeFullPath)
   在 System.IO.FileStream.Init(String path, FileMode mode, FileAccess access, Int32 rights, Boolean useRights, FileShare share, Int32 bufferSize, FileOptions options, SECURITY_ATTRIBUTES secAttrs, String msgPath, Boolean bFromProxy, Boolean useLongPath, Boolean checkHost)
   在 System.IO.FileStream..ctor(String path, FileMode mode, FileAccess access, FileShare share)
   在 NuGet.ZipPackage.<>c__DisplayClass9_0.<.ctor>b__0()
   在 NuGet.ZipPackage.EnsureManifest()
   在 NuGet.ZipPackage..ctor(String filePath, Boolean enableCaching)
   在 Squirrel.ReleaseEntry.GetReleaseNotes(String packageDirectory)
   在 Squirrel.UpdateInfo.<FetchReleaseNotes>b__19_0(ReleaseEntry x)
2019-09-29 09:13:25> Program: Starting Squirrel Updater: --update https://dl.pstmn.io/update/WIN64/7.7.2/stable?installationId=78c2094c-3c4d-400b-b8e5-4f2342b0211b&userId=8219635&syncEnabled=true&teamPlan=
2019-09-29 09:13:25> Program: Starting update, downloading from https://dl.pstmn.io/update/WIN64/7.7.2/stable?installationId=78c2094c-3c4d-400b-b8e5-4f2342b0211b&userId=8219635&syncEnabled=true&teamPlan=
2019-09-29 09:13:25> Program: About to update to: C:\Users\kebo\AppData\Local\Postman
2019-09-29 09:13:25> CheckForUpdateImpl: Using existing staging user ID: 7625446b-966d-56f8-8bc8-baf1a4c7727b
2019-09-29 09:13:25> CheckForUpdateImpl: Downloading RELEASES file from https://dl.pstmn.io/update/WIN64/7.7.2/stable?installationId=78c2094c-3c4d-400b-b8e5-4f2342b0211b&userId=8219635&syncEnabled=true&teamPlan=
2019-09-29 09:13:25> FileDownloader: Downloading url: https://dl.pstmn.io/update/WIN64/7.7.2/stable/RELEASES?installationId=78c2094c-3c4d-400b-b8e5-4f2342b0211b&userId=8219635&syncEnabled=true&teamPlan=&id=Postman-win64&localVersion=7.7.2&arch=amd64
2019-09-29 09:13:26> FileDownloader: Downloading file: https://dl.pstmn.io/download/7.7.3/Postman-win64-7.7.3-delta.nupkg
2019-09-29 09:13:26> FileDownloader: Downloading file: https://dl.pstmn.io/download/7.8.0/Postman-win64-7.8.0-delta.nupkg
2019-09-29 09:14:48> DeltaPackageBuilder: lib\net45\api-ms-win-core-console-l1-1-0.dll.diff exists unchanged, skipping
2019-09-29 09:14:48> DeltaPackageBuilder: lib\net45\api-ms-win-core-datetime-l1-1-0.dll.diff exists unchanged, skipping
2019-09-29 09:14:48> DeltaPackageBuilder: lib\net45\api-ms-win-core-debug-l1-1-0.dll.diff exists unchanged, skipping
2019-09-29 09:14:48> DeltaPackageBuilder: lib\net45\api-ms-win-core-errorhandling-l1-1-0.dll.diff exists unchanged, skipping
2019-09-29 09:14:48> DeltaPackageBuilder: lib\net45\api-ms-win-core-file-l1-1-0.dll.diff exists unchanged, skipping
2019-09-29 09:14:48> DeltaPackageBuilder: lib\net45\api-ms-win-core-file-l1-2-0.dll.diff exists unchanged, skipping
2019-09-29 09:14:48> DeltaPackageBuilder: lib\net45\api-ms-win-core-file-l2-1-0.dll.diff exists unchanged, skipping
2019-09-29 09:14:48> DeltaPackageBuilder: lib\net45\api-ms-win-core-handle-l1-1-0.dll.diff exists unchanged, skipping
2019-09-29 09:14:48> DeltaPackageBuilder: lib\net45\api-ms-win-core-heap-l1-1-0.dll.diff exists unchanged, skipping
2019-09-29 09:14:48> DeltaPackageBuilder: lib\net45\api-ms-win-core-interlocked-l1-1-0.dll.diff exists unchanged, skipping
2019-09-29 09:14:48> DeltaPackageBuilder: lib\net45\api-ms-win-core-libraryloader-l1-1-0.dll.diff exists unchanged, skipping
2019-09-29 09:14:48> DeltaPackageBuilder: lib\net45\api-ms-win-core-localization-l1-2-0.dll.diff exists unchanged, skipping
2019-09-29 09:14:48> DeltaPackageBuilder: lib\net45\api-ms-win-core-memory-l1-1-0.dll.diff exists unchanged, skipping
2019-09-29 09:14:48> DeltaPackageBuilder: lib\net45\api-ms-win-core-namedpipe-l1-1-0.dll.diff exists unchanged, skipping
2019-09-29 09:14:48> DeltaPackageBuilder: lib\net45\api-ms-win-core-processenvironment-l1-1-0.dll.diff exists unchanged, skipping
2019-09-29 09:14:48> DeltaPackageBuilder: lib\net45\api-ms-win-core-processthreads-l1-1-0.dll.diff exists unchanged, skipping
2019-09-29 09:14:48> DeltaPackageBuilder: lib\net45\api-ms-win-core-processthreads-l1-1-1.dll.diff exists unchanged, skipping
2019-09-29 09:14:48> DeltaPackageBuilder: lib\net45\api-ms-win-core-profile-l1-1-0.dll.diff exists unchanged, skipping
2019-09-29 09:14:48> DeltaPackageBuilder: lib\net45\api-ms-win-core-rtlsupport-l1-1-0.dll.diff exists unchanged, skipping
2019-09-29 09:14:48> DeltaPackageBuilder: lib\net45\api-ms-win-core-string-l1-1-0.dll.diff exists unchanged, skipping
2019-09-29 09:14:48> DeltaPackageBuilder: lib\net45\api-ms-win-core-synch-l1-1-0.dll.diff exists unchanged, skipping
2019-09-29 09:14:48> DeltaPackageBuilder: lib\net45\api-ms-win-core-synch-l1-2-0.dll.diff exists unchanged, skipping
2019-09-29 09:14:48> DeltaPackageBuilder: lib\net45\api-ms-win-core-sysinfo-l1-1-0.dll.diff exists unchanged, skipping
2019-09-29 09:14:48> DeltaPackageBuilder: lib\net45\api-ms-win-core-timezone-l1-1-0.dll.diff exists unchanged, skipping
2019-09-29 09:14:48> DeltaPackageBuilder: lib\net45\api-ms-win-core-util-l1-1-0.dll.diff exists unchanged, skipping
2019-09-29 09:14:48> DeltaPackageBuilder: lib\net45\api-ms-win-crt-conio-l1-1-0.dll.diff exists unchanged, skipping
2019-09-29 09:14:48> DeltaPackageBuilder: lib\net45\api-ms-win-crt-convert-l1-1-0.dll.diff exists unchanged, skipping
2019-09-29 09:14:48> DeltaPackageBuilder: lib\net45\api-ms-win-crt-environment-l1-1-0.dll.diff exists unchanged, skipping
2019-09-29 09:14:48> DeltaPackageBuilder: lib\net45\api-ms-win-crt-filesystem-l1-1-0.dll.diff exists unchanged, skipping
2019-09-29 09:14:48> DeltaPackageBuilder: lib\net45\api-ms-win-crt-heap-l1-1-0.dll.diff exists unchanged, skipping
2019-09-29 09:14:48> DeltaPackageBuilder: lib\net45\api-ms-win-crt-locale-l1-1-0.dll.diff exists unchanged, skipping
2019-09-29 09:14:48> DeltaPackageBuilder: lib\net45\api-ms-win-crt-math-l1-1-0.dll.diff exists unchanged, skipping
2019-09-29 09:14:48> DeltaPackageBuilder: lib\net45\api-ms-win-crt-multibyte-l1-1-0.dll.diff exists unchanged, skipping
2019-09-29 09:14:48> DeltaPackageBuilder: lib\net45\api-ms-win-crt-private-l1-1-0.dll.diff exists unchanged, skipping
2019-09-29 09:14:48> DeltaPackageBuilder: lib\net45\api-ms-win-crt-process-l1-1-0.dll.diff exists unchanged, skipping
2019-09-29 09:14:48> DeltaPackageBuilder: lib\net45\api-ms-win-crt-runtime-l1-1-0.dll.diff exists unchanged, skipping
2019-09-29 09:14:48> DeltaPackageBuilder: lib\net45\api-ms-win-crt-stdio-l1-1-0.dll.diff exists unchanged, skipping
2019-09-29 09:14:48> DeltaPackageBuilder: lib\net45\api-ms-win-crt-string-l1-1-0.dll.diff exists unchanged, skipping
2019-09-29 09:14:48> DeltaPackageBuilder: lib\net45\api-ms-win-crt-time-l1-1-0.dll.diff exists unchanged, skipping
2019-09-29 09:14:48> DeltaPackageBuilder: lib\net45\api-ms-win-crt-utility-l1-1-0.dll.diff exists unchanged, skipping
2019-09-29 09:14:48> DeltaPackageBuilder: lib\net45\blink_image_resources_200_percent.pak.diff exists unchanged, skipping
2019-09-29 09:14:48> DeltaPackageBuilder: lib\net45\content_resources_200_percent.pak.diff exists unchanged, skipping
2019-09-29 09:14:48> DeltaPackageBuilder: lib\net45\content_shell.pak.diff exists unchanged, skipping
2019-09-29 09:14:48> DeltaPackageBuilder: lib\net45\d3dcompiler_47.dll.diff exists unchanged, skipping
2019-09-29 09:14:48> DeltaPackageBuilder: Applying MSDiff to lib\net45\ffmpeg.dll.diff
2019-09-29 09:14:48> DeltaPackageBuilder: lib\net45\icudtl.dat.diff exists unchanged, skipping
2019-09-29 09:14:48> DeltaPackageBuilder: Applying MSDiff to lib\net45\libEGL.dll.diff
2019-09-29 09:14:48> DeltaPackageBuilder: Applying MSDiff to lib\net45\libGLESv2.dll.diff
2019-09-29 09:14:48> DeltaPackageBuilder: lib\net45\LICENSE.diff exists unchanged, skipping
2019-09-29 09:14:48> DeltaPackageBuilder: lib\net45\msvcp140.dll.diff exists unchanged, skipping
2019-09-29 09:14:48> DeltaPackageBuilder: lib\net45\natives_blob.bin.diff exists unchanged, skipping
2019-09-29 09:14:48> DeltaPackageBuilder: Applying MSDiff to lib\net45\node.dll.diff
2019-09-29 09:14:49> DeltaPackageBuilder: Applying BSDiff to lib\net45\Postman.exe.bsdiff
2019-09-29 09:14:51> DeltaPackageBuilder: Applying MSDiff to lib\net45\Postman_ExecutionStub.exe.diff
2019-09-29 09:14:51> DeltaPackageBuilder: Applying MSDiff to lib\net45\squirrel.exe.diff
2019-09-29 09:14:51> DeltaPackageBuilder: lib\net45\ucrtbase.dll.diff exists unchanged, skipping
2019-09-29 09:14:51> DeltaPackageBuilder: lib\net45\ui_resources_200_percent.pak.diff exists unchanged, skipping
2019-09-29 09:14:51> DeltaPackageBuilder: lib\net45\v8_context_snapshot.bin.diff exists unchanged, skipping
2019-09-29 09:14:51> DeltaPackageBuilder: lib\net45\vcruntime140.dll.diff exists unchanged, skipping
2019-09-29 09:14:51> DeltaPackageBuilder: lib\net45\views_resources_200_percent.pak.diff exists unchanged, skipping
2019-09-29 09:14:51> DeltaPackageBuilder: lib\net45\locales\am.pak.diff exists unchanged, skipping
2019-09-29 09:14:51> DeltaPackageBuilder: lib\net45\locales\ar.pak.diff exists unchanged, skipping
2019-09-29 09:14:51> DeltaPackageBuilder: lib\net45\locales\bg.pak.diff exists unchanged, skipping
2019-09-29 09:14:51> DeltaPackageBuilder: lib\net45\locales\bn.pak.diff exists unchanged, skipping
2019-09-29 09:14:51> DeltaPackageBuilder: lib\net45\locales\ca.pak.diff exists unchanged, skipping
2019-09-29 09:14:51> DeltaPackageBuilder: lib\net45\locales\cs.pak.diff exists unchanged, skipping
2019-09-29 09:14:51> DeltaPackageBuilder: lib\net45\locales\da.pak.diff exists unchanged, skipping
2019-09-29 09:14:51> DeltaPackageBuilder: lib\net45\locales\de.pak.diff exists unchanged, skipping
2019-09-29 09:14:51> DeltaPackageBuilder: lib\net45\locales\el.pak.diff exists unchanged, skipping
2019-09-29 09:14:51> DeltaPackageBuilder: lib\net45\locales\en-GB.pak.diff exists unchanged, skipping
2019-09-29 09:14:51> DeltaPackageBuilder: lib\net45\locales\en-US.pak.diff exists unchanged, skipping
2019-09-29 09:14:51> DeltaPackageBuilder: lib\net45\locales\es-419.pak.diff exists unchanged, skipping
2019-09-29 09:14:51> DeltaPackageBuilder: lib\net45\locales\es.pak.diff exists unchanged, skipping
2019-09-29 09:14:51> DeltaPackageBuilder: lib\net45\locales\et.pak.diff exists unchanged, skipping
2019-09-29 09:14:51> DeltaPackageBuilder: lib\net45\locales\fa.pak.diff exists unchanged, skipping
2019-09-29 09:14:51> DeltaPackageBuilder: lib\net45\locales\fake-bidi.pak.diff exists unchanged, skipping
2019-09-29 09:14:51> DeltaPackageBuilder: lib\net45\locales\fi.pak.diff exists unchanged, skipping
2019-09-29 09:14:51> DeltaPackageBuilder: lib\net45\locales\fil.pak.diff exists unchanged, skipping
2019-09-29 09:14:51> DeltaPackageBuilder: lib\net45\locales\fr.pak.diff exists unchanged, skipping
2019-09-29 09:14:51> DeltaPackageBuilder: lib\net45\locales\gu.pak.diff exists unchanged, skipping
2019-09-29 09:14:51> DeltaPackageBuilder: lib\net45\locales\he.pak.diff exists unchanged, skipping
2019-09-29 09:14:51> DeltaPackageBuilder: lib\net45\locales\hi.pak.diff exists unchanged, skipping
2019-09-29 09:14:51> DeltaPackageBuilder: lib\net45\locales\hr.pak.diff exists unchanged, skipping
2019-09-29 09:14:51> DeltaPackageBuilder: lib\net45\locales\hu.pak.diff exists unchanged, skipping
2019-09-29 09:14:51> DeltaPackageBuilder: lib\net45\locales\id.pak.diff exists unchanged, skipping
2019-09-29 09:14:51> DeltaPackageBuilder: lib\net45\locales\it.pak.diff exists unchanged, skipping
2019-09-29 09:14:51> DeltaPackageBuilder: lib\net45\locales\ja.pak.diff exists unchanged, skipping
2019-09-29 09:14:51> DeltaPackageBuilder: lib\net45\locales\kn.pak.diff exists unchanged, skipping
2019-09-29 09:14:51> DeltaPackageBuilder: lib\net45\locales\ko.pak.diff exists unchanged, skipping
2019-09-29 09:14:51> DeltaPackageBuilder: lib\net45\locales\lt.pak.diff exists unchanged, skipping
2019-09-29 09:14:51> DeltaPackageBuilder: lib\net45\locales\lv.pak.diff exists unchanged, skipping
2019-09-29 09:14:51> DeltaPackageBuilder: lib\net45\locales\ml.pak.diff exists unchanged, skipping
2019-09-29 09:14:51> DeltaPackageBuilder: lib\net45\locales\mr.pak.diff exists unchanged, skipping
2019-09-29 09:14:51> DeltaPackageBuilder: lib\net45\locales\ms.pak.diff exists unchanged, skipping
2019-09-29 09:14:51> DeltaPackageBuilder: lib\net45\locales\nb.pak.diff exists unchanged, skipping
2019-09-29 09:14:51> DeltaPackageBuilder: lib\net45\locales\nl.pak.diff exists unchanged, skipping
2019-09-29 09:14:51> DeltaPackageBuilder: lib\net45\locales\pl.pak.diff exists unchanged, skipping
2019-09-29 09:14:51> DeltaPackageBuilder: lib\net45\locales\pt-BR.pak.diff exists unchanged, skipping
2019-09-29 09:14:51> DeltaPackageBuilder: lib\net45\locales\pt-PT.pak.diff exists unchanged, skipping
2019-09-29 09:14:51> DeltaPackageBuilder: lib\net45\locales\ro.pak.diff exists unchanged, skipping
2019-09-29 09:14:51> DeltaPackageBuilder: lib\net45\locales\ru.pak.diff exists unchanged, skipping
2019-09-29 09:14:51> DeltaPackageBuilder: lib\net45\locales\sk.pak.diff exists unchanged, skipping
2019-09-29 09:14:51> DeltaPackageBuilder: lib\net45\locales\sl.pak.diff exists unchanged, skipping
2019-09-29 09:14:51> DeltaPackageBuilder: lib\net45\locales\sr.pak.diff exists unchanged, skipping
2019-09-29 09:14:51> DeltaPackageBuilder: lib\net45\locales\sv.pak.diff exists unchanged, skipping
2019-09-29 09:14:51> DeltaPackageBuilder: lib\net45\locales\sw.pak.diff exists unchanged, skipping
2019-09-29 09:14:51> DeltaPackageBuilder: lib\net45\locales\ta.pak.diff exists unchanged, skipping
2019-09-29 09:14:51> DeltaPackageBuilder: lib\net45\locales\te.pak.diff exists unchanged, skipping
2019-09-29 09:14:51> DeltaPackageBuilder: lib\net45\locales\th.pak.diff exists unchanged, skipping
2019-09-29 09:14:51> DeltaPackageBuilder: lib\net45\locales\tr.pak.diff exists unchanged, skipping
2019-09-29 09:14:51> DeltaPackageBuilder: lib\net45\locales\uk.pak.diff exists unchanged, skipping
2019-09-29 09:14:51> DeltaPackageBuilder: lib\net45\locales\vi.pak.diff exists unchanged, skipping
2019-09-29 09:14:51> DeltaPackageBuilder: lib\net45\locales\zh-CN.pak.diff exists unchanged, skipping
2019-09-29 09:14:51> DeltaPackageBuilder: lib\net45\locales\zh-TW.pak.diff exists unchanged, skipping
2019-09-29 09:14:51> DeltaPackageBuilder: Adding new file: lib\net45\resources\app.asar
2019-09-29 09:14:51> DeltaPackageBuilder: lib\net45\resources\electron.asar.diff exists unchanged, skipping
2019-09-29 09:14:51> DeltaPackageBuilder: Updating metadata file: Postman.nuspec
2019-09-29 09:14:51> DeltaPackageBuilder: Updating metadata file: [Content_Types].xml
2019-09-29 09:14:51> DeltaPackageBuilder: Updating metadata file: package\services\metadata\core-properties\caed7a18958144f08ad719e1b84a2f74.psmdcp
2019-09-29 09:14:51> DeltaPackageBuilder: Updating metadata file: _rels\.rels
2019-09-29 09:14:51> DeltaPackageBuilder: Repacking into full package: C:\Users\kebo\AppData\Local\Postman\packages\Postman-win64-7.7.3.nupkg
2019-09-29 09:15:22> DeltaPackageBuilder: lib\net45\api-ms-win-core-console-l1-1-0.dll.diff exists unchanged, skipping
2019-09-29 09:15:22> DeltaPackageBuilder: lib\net45\api-ms-win-core-datetime-l1-1-0.dll.diff exists unchanged, skipping
2019-09-29 09:15:22> DeltaPackageBuilder: lib\net45\api-ms-win-core-debug-l1-1-0.dll.diff exists unchanged, skipping
2019-09-29 09:15:22> DeltaPackageBuilder: lib\net45\api-ms-win-core-errorhandling-l1-1-0.dll.diff exists unchanged, skipping
2019-09-29 09:15:22> DeltaPackageBuilder: lib\net45\api-ms-win-core-file-l1-1-0.dll.diff exists unchanged, skipping
2019-09-29 09:15:22> DeltaPackageBuilder: lib\net45\api-ms-win-core-file-l1-2-0.dll.diff exists unchanged, skipping
2019-09-29 09:15:22> DeltaPackageBuilder: lib\net45\api-ms-win-core-file-l2-1-0.dll.diff exists unchanged, skipping
2019-09-29 09:15:22> DeltaPackageBuilder: lib\net45\api-ms-win-core-handle-l1-1-0.dll.diff exists unchanged, skipping
2019-09-29 09:15:22> DeltaPackageBuilder: lib\net45\api-ms-win-core-heap-l1-1-0.dll.diff exists unchanged, skipping
2019-09-29 09:15:22> DeltaPackageBuilder: lib\net45\api-ms-win-core-interlocked-l1-1-0.dll.diff exists unchanged, skipping
2019-09-29 09:15:22> DeltaPackageBuilder: lib\net45\api-ms-win-core-libraryloader-l1-1-0.dll.diff exists unchanged, skipping
2019-09-29 09:15:22> DeltaPackageBuilder: lib\net45\api-ms-win-core-localization-l1-2-0.dll.diff exists unchanged, skipping
2019-09-29 09:15:22> DeltaPackageBuilder: lib\net45\api-ms-win-core-memory-l1-1-0.dll.diff exists unchanged, skipping
2019-09-29 09:15:22> DeltaPackageBuilder: lib\net45\api-ms-win-core-namedpipe-l1-1-0.dll.diff exists unchanged, skipping
2019-09-29 09:15:22> DeltaPackageBuilder: lib\net45\api-ms-win-core-processenvironment-l1-1-0.dll.diff exists unchanged, skipping
2019-09-29 09:15:22> DeltaPackageBuilder: lib\net45\api-ms-win-core-processthreads-l1-1-0.dll.diff exists unchanged, skipping
2019-09-29 09:15:22> DeltaPackageBuilder: lib\net45\api-ms-win-core-processthreads-l1-1-1.dll.diff exists unchanged, skipping
2019-09-29 09:15:22> DeltaPackageBuilder: lib\net45\api-ms-win-core-profile-l1-1-0.dll.diff exists unchanged, skipping
2019-09-29 09:15:22> DeltaPackageBuilder: lib\net45\api-ms-win-core-rtlsupport-l1-1-0.dll.diff exists unchanged, skipping
2019-09-29 09:15:22> DeltaPackageBuilder: lib\net45\api-ms-win-core-string-l1-1-0.dll.diff exists unchanged, skipping
2019-09-29 09:15:22> DeltaPackageBuilder: lib\net45\api-ms-win-core-synch-l1-1-0.dll.diff exists unchanged, skipping
2019-09-29 09:15:22> DeltaPackageBuilder: lib\net45\api-ms-win-core-synch-l1-2-0.dll.diff exists unchanged, skipping
2019-09-29 09:15:22> DeltaPackageBuilder: lib\net45\api-ms-win-core-sysinfo-l1-1-0.dll.diff exists unchanged, skipping
2019-09-29 09:15:22> DeltaPackageBuilder: lib\net45\api-ms-win-core-timezone-l1-1-0.dll.diff exists unchanged, skipping
2019-09-29 09:15:22> DeltaPackageBuilder: lib\net45\api-ms-win-core-util-l1-1-0.dll.diff exists unchanged, skipping
2019-09-29 09:15:22> DeltaPackageBuilder: lib\net45\api-ms-win-crt-conio-l1-1-0.dll.diff exists unchanged, skipping
2019-09-29 09:15:22> DeltaPackageBuilder: lib\net45\api-ms-win-crt-convert-l1-1-0.dll.diff exists unchanged, skipping
2019-09-29 09:15:22> DeltaPackageBuilder: lib\net45\api-ms-win-crt-environment-l1-1-0.dll.diff exists unchanged, skipping
2019-09-29 09:15:22> DeltaPackageBuilder: lib\net45\api-ms-win-crt-filesystem-l1-1-0.dll.diff exists unchanged, skipping
2019-09-29 09:15:22> DeltaPackageBuilder: lib\net45\api-ms-win-crt-heap-l1-1-0.dll.diff exists unchanged, skipping
2019-09-29 09:15:22> DeltaPackageBuilder: lib\net45\api-ms-win-crt-locale-l1-1-0.dll.diff exists unchanged, skipping
2019-09-29 09:15:22> DeltaPackageBuilder: lib\net45\api-ms-win-crt-math-l1-1-0.dll.diff exists unchanged, skipping
2019-09-29 09:15:22> DeltaPackageBuilder: lib\net45\api-ms-win-crt-multibyte-l1-1-0.dll.diff exists unchanged, skipping
2019-09-29 09:15:22> DeltaPackageBuilder: lib\net45\api-ms-win-crt-private-l1-1-0.dll.diff exists unchanged, skipping
2019-09-29 09:15:22> DeltaPackageBuilder: lib\net45\api-ms-win-crt-process-l1-1-0.dll.diff exists unchanged, skipping
2019-09-29 09:15:22> DeltaPackageBuilder: lib\net45\api-ms-win-crt-runtime-l1-1-0.dll.diff exists unchanged, skipping
2019-09-29 09:15:22> DeltaPackageBuilder: lib\net45\api-ms-win-crt-stdio-l1-1-0.dll.diff exists unchanged, skipping
2019-09-29 09:15:22> DeltaPackageBuilder: lib\net45\api-ms-win-crt-string-l1-1-0.dll.diff exists unchanged, skipping
2019-09-29 09:15:22> DeltaPackageBuilder: lib\net45\api-ms-win-crt-time-l1-1-0.dll.diff exists unchanged, skipping
2019-09-29 09:15:22> DeltaPackageBuilder: lib\net45\api-ms-win-crt-utility-l1-1-0.dll.diff exists unchanged, skipping
2019-09-29 09:15:22> DeltaPackageBuilder: lib\net45\blink_image_resources_200_percent.pak.diff exists unchanged, skipping
2019-09-29 09:15:22> DeltaPackageBuilder: lib\net45\content_resources_200_percent.pak.diff exists unchanged, skipping
2019-09-29 09:15:22> DeltaPackageBuilder: lib\net45\content_shell.pak.diff exists unchanged, skipping
2019-09-29 09:15:22> DeltaPackageBuilder: lib\net45\d3dcompiler_47.dll.diff exists unchanged, skipping
2019-09-29 09:15:22> DeltaPackageBuilder: Applying MSDiff to lib\net45\ffmpeg.dll.diff
2019-09-29 09:15:22> DeltaPackageBuilder: lib\net45\icudtl.dat.diff exists unchanged, skipping
2019-09-29 09:15:22> DeltaPackageBuilder: Applying MSDiff to lib\net45\libEGL.dll.diff
2019-09-29 09:15:22> DeltaPackageBuilder: Applying MSDiff to lib\net45\libGLESv2.dll.diff
2019-09-29 09:15:22> DeltaPackageBuilder: lib\net45\LICENSE.diff exists unchanged, skipping
2019-09-29 09:15:22> DeltaPackageBuilder: lib\net45\msvcp140.dll.diff exists unchanged, skipping
2019-09-29 09:15:22> DeltaPackageBuilder: lib\net45\natives_blob.bin.diff exists unchanged, skipping
2019-09-29 09:15:22> DeltaPackageBuilder: Applying MSDiff to lib\net45\node.dll.diff
2019-09-29 09:15:23> DeltaPackageBuilder: Applying BSDiff to lib\net45\Postman.exe.bsdiff
2019-09-29 09:15:25> DeltaPackageBuilder: Applying MSDiff to lib\net45\Postman_ExecutionStub.exe.diff
2019-09-29 09:15:25> DeltaPackageBuilder: Applying MSDiff to lib\net45\squirrel.exe.diff
2019-09-29 09:15:25> DeltaPackageBuilder: lib\net45\ucrtbase.dll.diff exists unchanged, skipping
2019-09-29 09:15:25> DeltaPackageBuilder: lib\net45\ui_resources_200_percent.pak.diff exists unchanged, skipping
2019-09-29 09:15:25> DeltaPackageBuilder: lib\net45\v8_context_snapshot.bin.diff exists unchanged, skipping
2019-09-29 09:15:25> DeltaPackageBuilder: lib\net45\vcruntime140.dll.diff exists unchanged, skipping
2019-09-29 09:15:25> DeltaPackageBuilder: lib\net45\views_resources_200_percent.pak.diff exists unchanged, skipping
2019-09-29 09:15:25> DeltaPackageBuilder: lib\net45\locales\am.pak.diff exists unchanged, skipping
2019-09-29 09:15:25> DeltaPackageBuilder: lib\net45\locales\ar.pak.diff exists unchanged, skipping
2019-09-29 09:15:25> DeltaPackageBuilder: lib\net45\locales\bg.pak.diff exists unchanged, skipping
2019-09-29 09:15:25> DeltaPackageBuilder: lib\net45\locales\bn.pak.diff exists unchanged, skipping
2019-09-29 09:15:25> DeltaPackageBuilder: lib\net45\locales\ca.pak.diff exists unchanged, skipping
2019-09-29 09:15:25> DeltaPackageBuilder: lib\net45\locales\cs.pak.diff exists unchanged, skipping
2019-09-29 09:15:25> DeltaPackageBuilder: lib\net45\locales\da.pak.diff exists unchanged, skipping
2019-09-29 09:15:25> DeltaPackageBuilder: lib\net45\locales\de.pak.diff exists unchanged, skipping
2019-09-29 09:15:25> DeltaPackageBuilder: lib\net45\locales\el.pak.diff exists unchanged, skipping
2019-09-29 09:15:25> DeltaPackageBuilder: lib\net45\locales\en-GB.pak.diff exists unchanged, skipping
2019-09-29 09:15:25> DeltaPackageBuilder: lib\net45\locales\en-US.pak.diff exists unchanged, skipping
2019-09-29 09:15:25> DeltaPackageBuilder: lib\net45\locales\es-419.pak.diff exists unchanged, skipping
2019-09-29 09:15:25> DeltaPackageBuilder: lib\net45\locales\es.pak.diff exists unchanged, skipping
2019-09-29 09:15:25> DeltaPackageBuilder: lib\net45\locales\et.pak.diff exists unchanged, skipping
2019-09-29 09:15:25> DeltaPackageBuilder: lib\net45\locales\fa.pak.diff exists unchanged, skipping
2019-09-29 09:15:25> DeltaPackageBuilder: lib\net45\locales\fake-bidi.pak.diff exists unchanged, skipping
2019-09-29 09:15:25> DeltaPackageBuilder: lib\net45\locales\fi.pak.diff exists unchanged, skipping
2019-09-29 09:15:25> DeltaPackageBuilder: lib\net45\locales\fil.pak.diff exists unchanged, skipping
2019-09-29 09:15:25> DeltaPackageBuilder: lib\net45\locales\fr.pak.diff exists unchanged, skipping
2019-09-29 09:15:25> DeltaPackageBuilder: lib\net45\locales\gu.pak.diff exists unchanged, skipping
2019-09-29 09:15:25> DeltaPackageBuilder: lib\net45\locales\he.pak.diff exists unchanged, skipping
2019-09-29 09:15:25> DeltaPackageBuilder: lib\net45\locales\hi.pak.diff exists unchanged, skipping
2019-09-29 09:15:25> DeltaPackageBuilder: lib\net45\locales\hr.pak.diff exists unchanged, skipping
2019-09-29 09:15:25> DeltaPackageBuilder: lib\net45\locales\hu.pak.diff exists unchanged, skipping
2019-09-29 09:15:25> DeltaPackageBuilder: lib\net45\locales\id.pak.diff exists unchanged, skipping
2019-09-29 09:15:25> DeltaPackageBuilder: lib\net45\locales\it.pak.diff exists unchanged, skipping
2019-09-29 09:15:25> DeltaPackageBuilder: lib\net45\locales\ja.pak.diff exists unchanged, skipping
2019-09-29 09:15:25> DeltaPackageBuilder: lib\net45\locales\kn.pak.diff exists unchanged, skipping
2019-09-29 09:15:25> DeltaPackageBuilder: lib\net45\locales\ko.pak.diff exists unchanged, skipping
2019-09-29 09:15:25> DeltaPackageBuilder: lib\net45\locales\lt.pak.diff exists unchanged, skipping
2019-09-29 09:15:25> DeltaPackageBuilder: lib\net45\locales\lv.pak.diff exists unchanged, skipping
2019-09-29 09:15:25> DeltaPackageBuilder: lib\net45\locales\ml.pak.diff exists unchanged, skipping
2019-09-29 09:15:25> DeltaPackageBuilder: lib\net45\locales\mr.pak.diff exists unchanged, skipping
2019-09-29 09:15:25> DeltaPackageBuilder: lib\net45\locales\ms.pak.diff exists unchanged, skipping
2019-09-29 09:15:25> DeltaPackageBuilder: lib\net45\locales\nb.pak.diff exists unchanged, skipping
2019-09-29 09:15:25> DeltaPackageBuilder: lib\net45\locales\nl.pak.diff exists unchanged, skipping
2019-09-29 09:15:25> DeltaPackageBuilder: lib\net45\locales\pl.pak.diff exists unchanged, skipping
2019-09-29 09:15:25> DeltaPackageBuilder: lib\net45\locales\pt-BR.pak.diff exists unchanged, skipping
2019-09-29 09:15:25> DeltaPackageBuilder: lib\net45\locales\pt-PT.pak.diff exists unchanged, skipping
2019-09-29 09:15:25> DeltaPackageBuilder: lib\net45\locales\ro.pak.diff exists unchanged, skipping
2019-09-29 09:15:25> DeltaPackageBuilder: lib\net45\locales\ru.pak.diff exists unchanged, skipping
2019-09-29 09:15:25> DeltaPackageBuilder: lib\net45\locales\sk.pak.diff exists unchanged, skipping
2019-09-29 09:15:25> DeltaPackageBuilder: lib\net45\locales\sl.pak.diff exists unchanged, skipping
2019-09-29 09:15:25> DeltaPackageBuilder: lib\net45\locales\sr.pak.diff exists unchanged, skipping
2019-09-29 09:15:25> DeltaPackageBuilder: lib\net45\locales\sv.pak.diff exists unchanged, skipping
2019-09-29 09:15:25> DeltaPackageBuilder: lib\net45\locales\sw.pak.diff exists unchanged, skipping
2019-09-29 09:15:25> DeltaPackageBuilder: lib\net45\locales\ta.pak.diff exists unchanged, skipping
2019-09-29 09:15:25> DeltaPackageBuilder: lib\net45\locales\te.pak.diff exists unchanged, skipping
2019-09-29 09:15:25> DeltaPackageBuilder: lib\net45\locales\th.pak.diff exists unchanged, skipping
2019-09-29 09:15:25> DeltaPackageBuilder: lib\net45\locales\tr.pak.diff exists unchanged, skipping
2019-09-29 09:15:25> DeltaPackageBuilder: lib\net45\locales\uk.pak.diff exists unchanged, skipping
2019-09-29 09:15:25> DeltaPackageBuilder: lib\net45\locales\vi.pak.diff exists unchanged, skipping
2019-09-29 09:15:25> DeltaPackageBuilder: lib\net45\locales\zh-CN.pak.diff exists unchanged, skipping
2019-09-29 09:15:25> DeltaPackageBuilder: lib\net45\locales\zh-TW.pak.diff exists unchanged, skipping
2019-09-29 09:15:25> DeltaPackageBuilder: Adding new file: lib\net45\resources\app.asar
2019-09-29 09:15:25> DeltaPackageBuilder: lib\net45\resources\electron.asar.diff exists unchanged, skipping
2019-09-29 09:15:25> DeltaPackageBuilder: Updating metadata file: Postman.nuspec
2019-09-29 09:15:25> DeltaPackageBuilder: Updating metadata file: [Content_Types].xml
2019-09-29 09:15:25> DeltaPackageBuilder: Updating metadata file: package\services\metadata\core-properties\319c7de944804c76a8409ee59a00c98a.psmdcp
2019-09-29 09:15:25> DeltaPackageBuilder: Updating metadata file: _rels\.rels
2019-09-29 09:15:25> DeltaPackageBuilder: Repacking into full package: C:\Users\kebo\AppData\Local\Postman\packages\Postman-win64-7.8.0.nupkg
2019-09-29 09:15:47> ApplyReleasesImpl: Writing files to app directory: C:\Users\kebo\AppData\Local\Postman\app-7.8.0
2019-09-29 09:15:50> LogHost: Rigging execution stub for Postman_ExecutionStub.exe to C:\Users\kebo\AppData\Local\Postman\Postman.exe
2019-09-29 09:15:54> ApplyReleasesImpl: Squirrel Enabled Apps: [C:\Users\kebo\AppData\Local\Postman\app-7.8.0\Postman.exe]
2019-09-29 09:15:58> ApplyReleasesImpl: Starting fixPinnedExecutables
2019-09-29 09:15:58> ApplyReleasesImpl: Examining Pin: File Explorer.lnk
2019-09-29 09:15:58> ApplyReleasesImpl: Examining Pin: Google Chrome.lnk
2019-09-29 09:15:58> ApplyReleasesImpl: Fixing up tray icons
2019-09-29 09:15:58> ApplyReleasesImpl: cleanDeadVersions: for version 7.8.0
2019-09-29 09:15:58> ApplyReleasesImpl: cleanDeadVersions: exclude folder app-7.7.2
2019-09-29 09:15:58> ApplyReleasesImpl: cleanDeadVersions: exclude folder app-7.8.0
2019-09-29 09:16:04> InstallHelperImpl: Couldn't write uninstall icon, don't care: System.Net.WebException: 未能找到路径“C:\Users\Administrator\buildkite-agent\builds\pm-build\postman\app-package-and-deploy\resources\postman-prod.ico”的一部分。 ---> System.Net.WebException: 未能找到路径“C:\Users\Administrator\buildkite-agent\builds\pm-build\postman\app-package-and-deploy\resources\postman-prod.ico”的一部分。 ---> System.IO.DirectoryNotFoundException: 未能找到路径“C:\Users\Administrator\buildkite-agent\builds\pm-build\postman\app-package-and-deploy\resources\postman-prod.ico”的一部分。
   在 System.IO.__Error.WinIOError(Int32 errorCode, String maybeFullPath)
   在 System.IO.FileStream.Init(String path, FileMode mode, FileAccess access, Int32 rights, Boolean useRights, FileShare share, Int32 bufferSize, FileOptions options, SECURITY_ATTRIBUTES secAttrs, String msgPath, Boolean bFromProxy, Boolean useLongPath, Boolean checkHost)
   在 System.IO.FileStream..ctor(String path, FileMode mode, FileAccess access, FileShare share, Int32 bufferSize, FileOptions options, String msgPath, Boolean bFromProxy)
   在 System.Net.FileWebStream..ctor(FileWebRequest request, String path, FileMode mode, FileAccess access, FileShare sharing, Int32 length, Boolean async)
   在 System.Net.FileWebResponse..ctor(FileWebRequest request, Uri uri, FileAccess access, Boolean asyncHint)
   --- 内部异常堆栈跟踪的结尾 ---
   在 System.Net.FileWebResponse..ctor(FileWebRequest request, Uri uri, FileAccess access, Boolean asyncHint)
   在 System.Net.FileWebRequest.GetResponseCallback(Object state)
   --- 内部异常堆栈跟踪的结尾 ---
   在 System.Net.FileWebRequest.EndGetResponse(IAsyncResult asyncResult)
   在 System.Net.WebClient.GetWebResponse(WebRequest request, IAsyncResult result)
   在 System.Net.WebClient.DownloadBitsResponseCallback(IAsyncResult result)
--- 引发异常的上一位置中堆栈跟踪的末尾 ---
   在 System.Runtime.CompilerServices.TaskAwaiter.ThrowForNonSuccess(Task task)
   在 System.Runtime.CompilerServices.TaskAwaiter.HandleNonSuccessAndDebuggerNotification(Task task)
   在 System.Runtime.CompilerServices.TaskAwaiter.ValidateEnd(Task task)
   在 Squirrel.UpdateManager.InstallHelperImpl.<CreateUninstallerRegistryEntry>d__5.MoveNext()
2020-02-13 20:02:59> Program: Starting Squirrel Updater: --createShortcut=Postman.exe --shortcut-locations=StartMenu,Desktop
2020-02-13 20:02:59> ApplyReleasesImpl: About to create shortcuts for Postman.exe, rootAppDir C:\Users\kebo\AppData\Local\Postman
2020-02-13 20:03:00> ApplyReleasesImpl: Creating shortcut for Postman.exe => C:\Users\kebo\AppData\Roaming\Microsoft\Windows\Start Menu\Programs\Postman\Postman.lnk
2020-02-13 20:03:00> ApplyReleasesImpl: About to save shortcut: C:\Users\kebo\AppData\Roaming\Microsoft\Windows\Start Menu\Programs\Postman\Postman.lnk (target C:\Users\kebo\AppData\Local\Postman\Postman.exe, workingDir C:\Users\kebo\AppData\Local\Postman\app-7.8.0, args , toastActivatorCSLID d56d0ae8-2c2a-5b45-bd3b-9973bc69da9e)
2020-02-13 20:03:00> ApplyReleasesImpl: Creating shortcut for Postman.exe => C:\Users\kebo\Desktop\Postman.lnk
2020-02-13 20:03:00> ApplyReleasesImpl: About to save shortcut: C:\Users\kebo\Desktop\Postman.lnk (target C:\Users\kebo\AppData\Local\Postman\Postman.exe, workingDir C:\Users\kebo\AppData\Local\Postman\app-7.8.0, args , toastActivatorCSLID d56d0ae8-2c2a-5b45-bd3b-9973bc69da9e)
2020-02-13 20:03:00> ApplyReleasesImpl: Examining Pin: File Explorer.lnk
2020-02-13 20:03:00> ApplyReleasesImpl: Examining Pin: Google Chrome.lnk
2020-02-13 20:03:32> Program: Starting Squirrel Updater: --checkForUpdate https://dl.pstmn.io/update/WIN64/7.8.0/stable?installationId=78c2094c-3c4d-400b-b8e5-4f2342b0211b&userId=8219635&syncEnabled=true&teamPlan=
2020-02-13 20:03:32> Program: Fetching update information, downloading from https://dl.pstmn.io/update/WIN64/7.8.0/stable?installationId=78c2094c-3c4d-400b-b8e5-4f2342b0211b&userId=8219635&syncEnabled=true&teamPlan=
2020-02-13 20:03:32> CheckForUpdateImpl: Using existing staging user ID: 7625446b-966d-56f8-8bc8-baf1a4c7727b
2020-02-13 20:03:32> CheckForUpdateImpl: Downloading RELEASES file from https://dl.pstmn.io/update/WIN64/7.8.0/stable?installationId=78c2094c-3c4d-400b-b8e5-4f2342b0211b&userId=8219635&syncEnabled=true&teamPlan=
2020-02-13 20:03:32> FileDownloader: Downloading url: https://dl.pstmn.io/update/WIN64/7.8.0/stable/RELEASES?installationId=78c2094c-3c4d-400b-b8e5-4f2342b0211b&userId=8219635&syncEnabled=true&teamPlan=&id=Postman-win64&localVersion=7.8.0&arch=amd64
2020-02-13 20:03:35> UpdateInfo: Couldn't get release notes for:Postman-win64-7.18.0-full.nupkg: System.IO.FileNotFoundException: 未能找到文件“C:\Users\kebo\AppData\Local\Postman\packages\Postman-win64-7.18.0-full.nupkg”。
文件名:“C:\Users\kebo\AppData\Local\Postman\packages\Postman-win64-7.18.0-full.nupkg”
   在 System.IO.__Error.WinIOError(Int32 errorCode, String maybeFullPath)
   在 System.IO.FileStream.Init(String path, FileMode mode, FileAccess access, Int32 rights, Boolean useRights, FileShare share, Int32 bufferSize, FileOptions options, SECURITY_ATTRIBUTES secAttrs, String msgPath, Boolean bFromProxy, Boolean useLongPath, Boolean checkHost)
   在 System.IO.FileStream..ctor(String path, FileMode mode, FileAccess access, FileShare share)
   在 NuGet.ZipPackage.<>c__DisplayClass9_0.<.ctor>b__0()
   在 NuGet.ZipPackage.EnsureManifest()
   在 NuGet.ZipPackage..ctor(String filePath, Boolean enableCaching)
   在 Squirrel.ReleaseEntry.GetReleaseNotes(String packageDirectory)
   在 Squirrel.UpdateInfo.<FetchReleaseNotes>b__19_0(ReleaseEntry x)
2020-02-13 20:03:35> Program: Starting Squirrel Updater: --update https://dl.pstmn.io/update/WIN64/7.8.0/stable?installationId=78c2094c-3c4d-400b-b8e5-4f2342b0211b&userId=8219635&syncEnabled=true&teamPlan=
2020-02-13 20:03:35> Program: Starting update, downloading from https://dl.pstmn.io/update/WIN64/7.8.0/stable?installationId=78c2094c-3c4d-400b-b8e5-4f2342b0211b&userId=8219635&syncEnabled=true&teamPlan=
2020-02-13 20:03:35> Program: About to update to: C:\Users\kebo\AppData\Local\Postman
2020-02-13 20:03:35> CheckForUpdateImpl: Using existing staging user ID: 7625446b-966d-56f8-8bc8-baf1a4c7727b
2020-02-13 20:03:35> CheckForUpdateImpl: Downloading RELEASES file from https://dl.pstmn.io/update/WIN64/7.8.0/stable?installationId=78c2094c-3c4d-400b-b8e5-4f2342b0211b&userId=8219635&syncEnabled=true&teamPlan=
2020-02-13 20:03:35> FileDownloader: Downloading url: https://dl.pstmn.io/update/WIN64/7.8.0/stable/RELEASES?installationId=78c2094c-3c4d-400b-b8e5-4f2342b0211b&userId=8219635&syncEnabled=true&teamPlan=&id=Postman-win64&localVersion=7.8.0&arch=amd64
2020-02-13 20:04:03> FileDownloader: Downloading file: https://dl.pstmn.io/download/7.18.0/Postman-win64-7.18.0-full.nupkg
2020-02-13 20:09:35> IEnableLogger: Failed downloading URL: https://dl.pstmn.io/download/7.18.0/Postman-win64-7.18.0-full.nupkg: System.Net.WebException: 在 WebClient 请求期间发生异常。 ---> System.IO.IOException: 无法从传输连接中读取数据: 远程主机强迫关闭了一个现有的连接。。 ---> System.Net.Sockets.SocketException: 远程主机强迫关闭了一个现有的连接。
   在 System.Net.Sockets.Socket.BeginReceive(Byte[] buffer, Int32 offset, Int32 size, SocketFlags socketFlags, AsyncCallback callback, Object state)
   在 System.Net.Sockets.NetworkStream.BeginRead(Byte[] buffer, Int32 offset, Int32 size, AsyncCallback callback, Object state)
   --- 内部异常堆栈跟踪的结尾 ---
   在 System.Net.ConnectStream.EndRead(IAsyncResult asyncResult)
   在 System.Net.WebClient.DownloadBitsReadCallbackState(DownloadBitsState state, IAsyncResult result)
   --- 内部异常堆栈跟踪的结尾 ---
   在 System.Runtime.CompilerServices.TaskAwaiter.ThrowForNonSuccess(Task task)
   在 System.Runtime.CompilerServices.TaskAwaiter.HandleNonSuccessAndDebuggerNotification(Task task)
   在 Squirrel.FileDownloader.<>c__DisplayClass2_2.<<DownloadFile>b__1>d.MoveNext()
--- 引发异常的上一位置中堆栈跟踪的末尾 ---
   在 System.Runtime.CompilerServices.TaskAwaiter.ThrowForNonSuccess(Task task)
   在 System.Runtime.CompilerServices.TaskAwaiter.HandleNonSuccessAndDebuggerNotification(Task task)
   在 Squirrel.Utility.<LogIfThrows>d__42.MoveNext()
2020-02-13 20:09:35> FileDownloader: Downloading file: https://dl.pstmn.io/download/7.18.0/postman-win64-7.18.0-full.nupkg
2020-03-03 16:03:39> Program: Starting Squirrel Updater: --checkForUpdate https://dl.pstmn.io/update/WIN64/7.8.0/stable?installationId=78c2094c-3c4d-400b-b8e5-4f2342b0211b&userId=8219635&syncEnabled=true&teamPlan=
2020-03-03 16:03:39> Program: Fetching update information, downloading from https://dl.pstmn.io/update/WIN64/7.8.0/stable?installationId=78c2094c-3c4d-400b-b8e5-4f2342b0211b&userId=8219635&syncEnabled=true&teamPlan=
2020-03-03 16:03:39> CheckForUpdateImpl: Using existing staging user ID: 7625446b-966d-56f8-8bc8-baf1a4c7727b
2020-03-03 16:03:39> CheckForUpdateImpl: Downloading RELEASES file from https://dl.pstmn.io/update/WIN64/7.8.0/stable?installationId=78c2094c-3c4d-400b-b8e5-4f2342b0211b&userId=8219635&syncEnabled=true&teamPlan=
2020-03-03 16:03:39> FileDownloader: Downloading url: https://dl.pstmn.io/update/WIN64/7.8.0/stable/RELEASES?installationId=78c2094c-3c4d-400b-b8e5-4f2342b0211b&userId=8219635&syncEnabled=true&teamPlan=&id=Postman-win64&localVersion=7.8.0&arch=amd64
2020-03-03 16:03:41> UpdateInfo: Couldn't get release notes for:Postman-win64-7.19.1-delta.nupkg: System.IO.FileNotFoundException: 未能找到文件“C:\Users\kebo\AppData\Local\Postman\packages\Postman-win64-7.19.1-delta.nupkg”。
文件名:“C:\Users\kebo\AppData\Local\Postman\packages\Postman-win64-7.19.1-delta.nupkg”
   在 System.IO.__Error.WinIOError(Int32 errorCode, String maybeFullPath)
   在 System.IO.FileStream.Init(String path, FileMode mode, FileAccess access, Int32 rights, Boolean useRights, FileShare share, Int32 bufferSize, FileOptions options, SECURITY_ATTRIBUTES secAttrs, String msgPath, Boolean bFromProxy, Boolean useLongPath, Boolean checkHost)
   在 System.IO.FileStream..ctor(String path, FileMode mode, FileAccess access, FileShare share)
   在 NuGet.ZipPackage.<>c__DisplayClass9_0.<.ctor>b__0()
   在 NuGet.ZipPackage.EnsureManifest()
   在 NuGet.ZipPackage..ctor(String filePath, Boolean enableCaching)
   在 Squirrel.ReleaseEntry.GetReleaseNotes(String packageDirectory)
   在 Squirrel.UpdateInfo.<FetchReleaseNotes>b__19_0(ReleaseEntry x)
2020-03-03 16:03:41> Program: Starting Squirrel Updater: --update https://dl.pstmn.io/update/WIN64/7.8.0/stable?installationId=78c2094c-3c4d-400b-b8e5-4f2342b0211b&userId=8219635&syncEnabled=true&teamPlan=
2020-03-03 16:03:41> Program: Starting update, downloading from https://dl.pstmn.io/update/WIN64/7.8.0/stable?installationId=78c2094c-3c4d-400b-b8e5-4f2342b0211b&userId=8219635&syncEnabled=true&teamPlan=
2020-03-03 16:03:41> Program: About to update to: C:\Users\kebo\AppData\Local\Postman
2020-03-03 16:03:41> CheckForUpdateImpl: Using existing staging user ID: 7625446b-966d-56f8-8bc8-baf1a4c7727b
2020-03-03 16:03:41> CheckForUpdateImpl: Downloading RELEASES file from https://dl.pstmn.io/update/WIN64/7.8.0/stable?installationId=78c2094c-3c4d-400b-b8e5-4f2342b0211b&userId=8219635&syncEnabled=true&teamPlan=
2020-03-03 16:03:41> FileDownloader: Downloading url: https://dl.pstmn.io/update/WIN64/7.8.0/stable/RELEASES?installationId=78c2094c-3c4d-400b-b8e5-4f2342b0211b&userId=8219635&syncEnabled=true&teamPlan=&id=Postman-win64&localVersion=7.8.0&arch=amd64
2020-03-03 16:03:43> FileDownloader: Downloading file: https://dl.pstmn.io/download/7.19.1/Postman-win64-7.19.1-delta.nupkg
2020-03-03 19:16:00> Program: Starting Squirrel Updater: --checkForUpdate https://dl.pstmn.io/update/WIN64/7.8.0/stable?installationId=78c2094c-3c4d-400b-b8e5-4f2342b0211b&userId=8219635&syncEnabled=true&teamPlan=
2020-03-03 19:16:00> Program: Fetching update information, downloading from https://dl.pstmn.io/update/WIN64/7.8.0/stable?installationId=78c2094c-3c4d-400b-b8e5-4f2342b0211b&userId=8219635&syncEnabled=true&teamPlan=
2020-03-03 19:16:00> CheckForUpdateImpl: Using existing staging user ID: 7625446b-966d-56f8-8bc8-baf1a4c7727b
2020-03-03 19:16:01> CheckForUpdateImpl: Downloading RELEASES file from https://dl.pstmn.io/update/WIN64/7.8.0/stable?installationId=78c2094c-3c4d-400b-b8e5-4f2342b0211b&userId=8219635&syncEnabled=true&teamPlan=
2020-03-03 19:16:01> FileDownloader: Downloading url: https://dl.pstmn.io/update/WIN64/7.8.0/stable/RELEASES?installationId=78c2094c-3c4d-400b-b8e5-4f2342b0211b&userId=8219635&syncEnabled=true&teamPlan=&id=Postman-win64&localVersion=7.8.0&arch=amd64
2020-03-03 19:16:02> UpdateInfo: Couldn't get release notes for:Postman-win64-7.19.1-delta.nupkg: System.IO.FileFormatException: 文件包含损坏的数据。
   在 MS.Internal.IO.Zip.ZipIOEndOfCentralDirectoryBlock.FindPosition(Stream archiveStream)
   在 MS.Internal.IO.Zip.ZipIOEndOfCentralDirectoryBlock.SeekableLoad(ZipIOBlockManager blockManager)
   在 MS.Internal.IO.Zip.ZipArchive..ctor(Stream archiveStream, FileMode mode, FileAccess access, Boolean streaming, Boolean ownStream)
   在 MS.Internal.IO.Zip.ZipArchive.OpenOnStream(Stream stream, FileMode mode, FileAccess access, Boolean streaming)
   在 System.IO.Packaging.ZipPackage..ctor(Stream s, FileMode mode, FileAccess access, Boolean streaming)
   在 System.IO.Packaging.Package.Open(Stream stream, FileMode packageMode, FileAccess packageAccess, Boolean streaming)
   在 System.IO.Packaging.Package.Open(Stream stream)
   在 NuGet.ZipPackage.EnsureManifest()
   在 NuGet.ZipPackage..ctor(String filePath, Boolean enableCaching)
   在 Squirrel.ReleaseEntry.GetReleaseNotes(String packageDirectory)
   在 Squirrel.UpdateInfo.<FetchReleaseNotes>b__19_0(ReleaseEntry x)
2020-03-03 19:16:03> Program: Starting Squirrel Updater: --update https://dl.pstmn.io/update/WIN64/7.8.0/stable?installationId=78c2094c-3c4d-400b-b8e5-4f2342b0211b&userId=8219635&syncEnabled=true&teamPlan=
2020-03-03 19:16:03> Program: Starting update, downloading from https://dl.pstmn.io/update/WIN64/7.8.0/stable?installationId=78c2094c-3c4d-400b-b8e5-4f2342b0211b&userId=8219635&syncEnabled=true&teamPlan=
2020-03-03 19:16:03> Program: About to update to: C:\Users\kebo\AppData\Local\Postman
2020-03-03 19:16:03> CheckForUpdateImpl: Using existing staging user ID: 7625446b-966d-56f8-8bc8-baf1a4c7727b
2020-03-03 19:16:03> CheckForUpdateImpl: Downloading RELEASES file from https://dl.pstmn.io/update/WIN64/7.8.0/stable?installationId=78c2094c-3c4d-400b-b8e5-4f2342b0211b&userId=8219635&syncEnabled=true&teamPlan=
2020-03-03 19:16:03> FileDownloader: Downloading url: https://dl.pstmn.io/update/WIN64/7.8.0/stable/RELEASES?installationId=78c2094c-3c4d-400b-b8e5-4f2342b0211b&userId=8219635&syncEnabled=true&teamPlan=&id=Postman-win64&localVersion=7.8.0&arch=amd64
2020-03-03 19:16:04> FileDownloader: Downloading file: https://dl.pstmn.io/download/7.19.1/Postman-win64-7.19.1-delta.nupkg
2020-03-03 19:16:23> DeltaPackageBuilder: lib\net45\api-ms-win-core-console-l1-1-0.dll.diff exists unchanged, skipping
2020-03-03 19:16:23> DeltaPackageBuilder: lib\net45\api-ms-win-core-datetime-l1-1-0.dll.diff exists unchanged, skipping
2020-03-03 19:16:23> DeltaPackageBuilder: lib\net45\api-ms-win-core-debug-l1-1-0.dll.diff exists unchanged, skipping
2020-03-03 19:16:23> DeltaPackageBuilder: lib\net45\api-ms-win-core-errorhandling-l1-1-0.dll.diff exists unchanged, skipping
2020-03-03 19:16:23> DeltaPackageBuilder: lib\net45\api-ms-win-core-file-l1-1-0.dll.diff exists unchanged, skipping
2020-03-03 19:16:23> DeltaPackageBuilder: lib\net45\api-ms-win-core-file-l1-2-0.dll.diff exists unchanged, skipping
2020-03-03 19:16:23> DeltaPackageBuilder: lib\net45\api-ms-win-core-file-l2-1-0.dll.diff exists unchanged, skipping
2020-03-03 19:16:23> DeltaPackageBuilder: lib\net45\api-ms-win-core-handle-l1-1-0.dll.diff exists unchanged, skipping
2020-03-03 19:16:23> DeltaPackageBuilder: lib\net45\api-ms-win-core-heap-l1-1-0.dll.diff exists unchanged, skipping
2020-03-03 19:16:23> DeltaPackageBuilder: lib\net45\api-ms-win-core-interlocked-l1-1-0.dll.diff exists unchanged, skipping
2020-03-03 19:16:23> DeltaPackageBuilder: lib\net45\api-ms-win-core-libraryloader-l1-1-0.dll.diff exists unchanged, skipping
2020-03-03 19:16:23> DeltaPackageBuilder: lib\net45\api-ms-win-core-localization-l1-2-0.dll.diff exists unchanged, skipping
2020-03-03 19:16:23> DeltaPackageBuilder: lib\net45\api-ms-win-core-memory-l1-1-0.dll.diff exists unchanged, skipping
2020-03-03 19:16:23> DeltaPackageBuilder: lib\net45\api-ms-win-core-namedpipe-l1-1-0.dll.diff exists unchanged, skipping
2020-03-03 19:16:23> DeltaPackageBuilder: lib\net45\api-ms-win-core-processenvironment-l1-1-0.dll.diff exists unchanged, skipping
2020-03-03 19:16:23> DeltaPackageBuilder: lib\net45\api-ms-win-core-processthreads-l1-1-0.dll.diff exists unchanged, skipping
2020-03-03 19:16:23> DeltaPackageBuilder: lib\net45\api-ms-win-core-processthreads-l1-1-1.dll.diff exists unchanged, skipping
2020-03-03 19:16:23> DeltaPackageBuilder: lib\net45\api-ms-win-core-profile-l1-1-0.dll.diff exists unchanged, skipping
2020-03-03 19:16:23> DeltaPackageBuilder: lib\net45\api-ms-win-core-rtlsupport-l1-1-0.dll.diff exists unchanged, skipping
2020-03-03 19:16:23> DeltaPackageBuilder: lib\net45\api-ms-win-core-string-l1-1-0.dll.diff exists unchanged, skipping
2020-03-03 19:16:23> DeltaPackageBuilder: lib\net45\api-ms-win-core-synch-l1-1-0.dll.diff exists unchanged, skipping
2020-03-03 19:16:23> DeltaPackageBuilder: lib\net45\api-ms-win-core-synch-l1-2-0.dll.diff exists unchanged, skipping
2020-03-03 19:16:23> DeltaPackageBuilder: lib\net45\api-ms-win-core-sysinfo-l1-1-0.dll.diff exists unchanged, skipping
2020-03-03 19:16:23> DeltaPackageBuilder: lib\net45\api-ms-win-core-timezone-l1-1-0.dll.diff exists unchanged, skipping
2020-03-03 19:16:23> DeltaPackageBuilder: lib\net45\api-ms-win-core-util-l1-1-0.dll.diff exists unchanged, skipping
2020-03-03 19:16:23> DeltaPackageBuilder: lib\net45\api-ms-win-crt-conio-l1-1-0.dll.diff exists unchanged, skipping
2020-03-03 19:16:23> DeltaPackageBuilder: lib\net45\api-ms-win-crt-convert-l1-1-0.dll.diff exists unchanged, skipping
2020-03-03 19:16:23> DeltaPackageBuilder: lib\net45\api-ms-win-crt-environment-l1-1-0.dll.diff exists unchanged, skipping
2020-03-03 19:16:23> DeltaPackageBuilder: lib\net45\api-ms-win-crt-filesystem-l1-1-0.dll.diff exists unchanged, skipping
2020-03-03 19:16:23> DeltaPackageBuilder: lib\net45\api-ms-win-crt-heap-l1-1-0.dll.diff exists unchanged, skipping
2020-03-03 19:16:23> DeltaPackageBuilder: lib\net45\api-ms-win-crt-locale-l1-1-0.dll.diff exists unchanged, skipping
2020-03-03 19:16:23> DeltaPackageBuilder: lib\net45\api-ms-win-crt-math-l1-1-0.dll.diff exists unchanged, skipping
2020-03-03 19:16:23> DeltaPackageBuilder: lib\net45\api-ms-win-crt-multibyte-l1-1-0.dll.diff exists unchanged, skipping
2020-03-03 19:16:23> DeltaPackageBuilder: lib\net45\api-ms-win-crt-private-l1-1-0.dll.diff exists unchanged, skipping
2020-03-03 19:16:23> DeltaPackageBuilder: lib\net45\api-ms-win-crt-process-l1-1-0.dll.diff exists unchanged, skipping
2020-03-03 19:16:23> DeltaPackageBuilder: lib\net45\api-ms-win-crt-runtime-l1-1-0.dll.diff exists unchanged, skipping
2020-03-03 19:16:23> DeltaPackageBuilder: lib\net45\api-ms-win-crt-stdio-l1-1-0.dll.diff exists unchanged, skipping
2020-03-03 19:16:23> DeltaPackageBuilder: lib\net45\api-ms-win-crt-string-l1-1-0.dll.diff exists unchanged, skipping
2020-03-03 19:16:23> DeltaPackageBuilder: lib\net45\api-ms-win-crt-time-l1-1-0.dll.diff exists unchanged, skipping
2020-03-03 19:16:23> DeltaPackageBuilder: lib\net45\api-ms-win-crt-utility-l1-1-0.dll.diff exists unchanged, skipping
2020-03-03 19:16:23> DeltaPackageBuilder: lib\net45\blink_image_resources_200_percent.pak.diff exists unchanged, skipping
2020-03-03 19:16:23> DeltaPackageBuilder: lib\net45\content_resources_200_percent.pak.diff exists unchanged, skipping
2020-03-03 19:16:23> DeltaPackageBuilder: lib\net45\content_shell.pak.diff exists unchanged, skipping
2020-03-03 19:16:23> DeltaPackageBuilder: lib\net45\d3dcompiler_47.dll.diff exists unchanged, skipping
2020-03-03 19:16:23> DeltaPackageBuilder: Applying MSDiff to lib\net45\ffmpeg.dll.diff
2020-03-03 19:16:23> Program: Failed to apply updates, falling back to full updates: System.ComponentModel.Win32Exception (0x80004005): 操作成功完成。
   在 DeltaCompressionDotNet.MsDelta.MsDeltaCompression.ApplyDelta(String deltaFilePath, String oldFilePath, String newFilePath)
   在 Squirrel.DeltaPackageBuilder.applyDiffToFile(String deltaPath, String relativeFilePath, String workingDirectory)
   在 Squirrel.DeltaPackageBuilder.<>c__DisplayClass3_1.<ApplyDeltaPackage>b__4(String file)
   在 Squirrel.EnumerableExtensions.ForEach[TSource](IEnumerable`1 source, Action`1 onNext)
   在 Squirrel.DeltaPackageBuilder.ApplyDeltaPackage(ReleasePackage basePackage, ReleasePackage deltaPackage, String outputFile)
   在 Squirrel.UpdateManager.ApplyReleasesImpl.<>c__DisplayClass8_0.<createFullPackagesFromDeltas>b__3()
   在 System.Threading.Tasks.Task`1.InnerInvoke()
   在 System.Threading.Tasks.Task.Execute()
--- 引发异常的上一位置中堆栈跟踪的末尾 ---
   在 System.Runtime.CompilerServices.TaskAwaiter.ThrowForNonSuccess(Task task)
   在 System.Runtime.CompilerServices.TaskAwaiter.HandleNonSuccessAndDebuggerNotification(Task task)
   在 Squirrel.UpdateManager.ApplyReleasesImpl.<createFullPackagesFromDeltas>d__8.MoveNext()
--- 引发异常的上一位置中堆栈跟踪的末尾 ---
   在 System.Runtime.CompilerServices.TaskAwaiter.ThrowForNonSuccess(Task task)
   在 System.Runtime.CompilerServices.TaskAwaiter.HandleNonSuccessAndDebuggerNotification(Task task)
   在 Squirrel.UpdateManager.ApplyReleasesImpl.<ApplyReleases>d__2.MoveNext()
--- 引发异常的上一位置中堆栈跟踪的末尾 ---
   在 System.Runtime.CompilerServices.TaskAwaiter.ThrowForNonSuccess(Task task)
   在 System.Runtime.CompilerServices.TaskAwaiter.HandleNonSuccessAndDebuggerNotification(Task task)
   在 Squirrel.UpdateManager.<ApplyReleases>d__9.MoveNext()
--- 引发异常的上一位置中堆栈跟踪的末尾 ---
   在 System.Runtime.CompilerServices.TaskAwaiter.ThrowForNonSuccess(Task task)
   在 System.Runtime.CompilerServices.TaskAwaiter.HandleNonSuccessAndDebuggerNotification(Task task)
   在 System.Runtime.CompilerServices.TaskAwaiter.ValidateEnd(Task task)
   在 Squirrel.Update.Program.<Update>d__5.MoveNext()
2020-03-03 19:16:23> CheckForUpdateImpl: Using existing staging user ID: 7625446b-966d-56f8-8bc8-baf1a4c7727b
2020-03-03 19:16:23> CheckForUpdateImpl: Downloading RELEASES file from https://dl.pstmn.io/update/WIN64/7.8.0/stable?installationId=78c2094c-3c4d-400b-b8e5-4f2342b0211b&userId=8219635&syncEnabled=true&teamPlan=
2020-03-03 19:16:23> FileDownloader: Downloading url: https://dl.pstmn.io/update/WIN64/7.8.0/stable/RELEASES?installationId=78c2094c-3c4d-400b-b8e5-4f2342b0211b&userId=8219635&syncEnabled=true&teamPlan=&id=Postman-win64&localVersion=7.8.0&arch=amd64
2020-03-03 19:16:24> FileDownloader: Downloading file: https://dl.pstmn.io/download/7.19.1/Postman-win64-7.19.1-full.nupkg
2020-03-03 19:16:50> ApplyReleasesImpl: Writing files to app directory: C:\Users\kebo\AppData\Local\Postman\app-7.19.1
2020-03-03 19:16:53> LogHost: Rigging execution stub for Postman_ExecutionStub.exe to C:\Users\kebo\AppData\Local\Postman\Postman.exe
2020-03-03 19:16:56> ApplyReleasesImpl: Squirrel Enabled Apps: [C:\Users\kebo\AppData\Local\Postman\app-7.19.1\Postman.exe]
2020-03-03 19:17:00> ApplyReleasesImpl: Starting fixPinnedExecutables
2020-03-03 19:17:00> ApplyReleasesImpl: Examining Pin: File Explorer.lnk
2020-03-03 19:17:00> ApplyReleasesImpl: Examining Pin: Google Chrome.lnk
2020-03-03 19:17:00> ApplyReleasesImpl: Fixing up tray icons
2020-03-03 19:17:00> ApplyReleasesImpl: cleanDeadVersions: for version 7.19.1
2020-03-03 19:17:00> ApplyReleasesImpl: cleanDeadVersions: exclude folder app-7.8.0
2020-03-03 19:17:00> ApplyReleasesImpl: cleanDeadVersions: exclude folder app-7.19.1
2020-03-03 19:17:09> InstallHelperImpl: Couldn't write uninstall icon, don't care: System.Net.WebException: 未能找到路径“C:\Users\Administrator\buildkite-agent\builds\pm-build\postman\app-package-and-deploy\resources\postman-prod.ico”的一部分。 ---> System.Net.WebException: 未能找到路径“C:\Users\Administrator\buildkite-agent\builds\pm-build\postman\app-package-and-deploy\resources\postman-prod.ico”的一部分。 ---> System.IO.DirectoryNotFoundException: 未能找到路径“C:\Users\Administrator\buildkite-agent\builds\pm-build\postman\app-package-and-deploy\resources\postman-prod.ico”的一部分。
   在 System.IO.__Error.WinIOError(Int32 errorCode, String maybeFullPath)
   在 System.IO.FileStream.Init(String path, FileMode mode, FileAccess access, Int32 rights, Boolean useRights, FileShare share, Int32 bufferSize, FileOptions options, SECURITY_ATTRIBUTES secAttrs, String msgPath, Boolean bFromProxy, Boolean useLongPath, Boolean checkHost)
   在 System.IO.FileStream..ctor(String path, FileMode mode, FileAccess access, FileShare share, Int32 bufferSize, FileOptions options, String msgPath, Boolean bFromProxy)
   在 System.Net.FileWebStream..ctor(FileWebRequest request, String path, FileMode mode, FileAccess access, FileShare sharing, Int32 length, Boolean async)
   在 System.Net.FileWebResponse..ctor(FileWebRequest request, Uri uri, FileAccess access, Boolean asyncHint)
   --- 内部异常堆栈跟踪的结尾 ---
   在 System.Net.FileWebResponse..ctor(FileWebRequest request, Uri uri, FileAccess access, Boolean asyncHint)
   在 System.Net.FileWebRequest.GetResponseCallback(Object state)
   --- 内部异常堆栈跟踪的结尾 ---
   在 System.Net.FileWebRequest.EndGetResponse(IAsyncResult asyncResult)
   在 System.Net.WebClient.GetWebResponse(WebRequest request, IAsyncResult result)
   在 System.Net.WebClient.DownloadBitsResponseCallback(IAsyncResult result)
--- 引发异常的上一位置中堆栈跟踪的末尾 ---
   在 System.Runtime.CompilerServices.TaskAwaiter.ThrowForNonSuccess(Task task)
   在 System.Runtime.CompilerServices.TaskAwaiter.HandleNonSuccessAndDebuggerNotification(Task task)
   在 System.Runtime.CompilerServices.TaskAwaiter.ValidateEnd(Task task)
   在 Squirrel.UpdateManager.InstallHelperImpl.<CreateUninstallerRegistryEntry>d__5.MoveNext()
2020-03-24 20:28:25> Program: Starting Squirrel Updater: --createShortcut=Postman.exe --shortcut-locations=StartMenu,Desktop
2020-03-24 20:28:25> ApplyReleasesImpl: About to create shortcuts for Postman.exe, rootAppDir C:\Users\kebo\AppData\Local\Postman
2020-03-24 20:28:26> ApplyReleasesImpl: Creating shortcut for Postman.exe => C:\Users\kebo\AppData\Roaming\Microsoft\Windows\Start Menu\Programs\Postman\Postman.lnk
2020-03-24 20:28:26> ApplyReleasesImpl: About to save shortcut: C:\Users\kebo\AppData\Roaming\Microsoft\Windows\Start Menu\Programs\Postman\Postman.lnk (target C:\Users\kebo\AppData\Local\Postman\Postman.exe, workingDir C:\Users\kebo\AppData\Local\Postman\app-7.19.1, args , toastActivatorCSLID d56d0ae8-2c2a-5b45-bd3b-9973bc69da9e)
2020-03-24 20:28:26> ApplyReleasesImpl: Creating shortcut for Postman.exe => C:\Users\kebo\Desktop\Postman.lnk
2020-03-24 20:28:26> ApplyReleasesImpl: About to save shortcut: C:\Users\kebo\Desktop\Postman.lnk (target C:\Users\kebo\AppData\Local\Postman\Postman.exe, workingDir C:\Users\kebo\AppData\Local\Postman\app-7.19.1, args , toastActivatorCSLID d56d0ae8-2c2a-5b45-bd3b-9973bc69da9e)
2020-03-24 20:28:26> ApplyReleasesImpl: Examining Pin: File Explorer.lnk
2020-03-24 20:28:26> ApplyReleasesImpl: Examining Pin: Google Chrome.lnk
2020-03-24 20:28:37> Program: Starting Squirrel Updater: --checkForUpdate https://dl.pstmn.io/update/WIN64/7.19.1/stable?installationId=78c2094c-3c4d-400b-b8e5-4f2342b0211b&userId=8219635&syncEnabled=true&teamPlan=
2020-03-24 20:28:37> Program: Fetching update information, downloading from https://dl.pstmn.io/update/WIN64/7.19.1/stable?installationId=78c2094c-3c4d-400b-b8e5-4f2342b0211b&userId=8219635&syncEnabled=true&teamPlan=
2020-03-24 20:28:37> CheckForUpdateImpl: Using existing staging user ID: 7625446b-966d-56f8-8bc8-baf1a4c7727b
2020-03-24 20:28:37> CheckForUpdateImpl: Downloading RELEASES file from https://dl.pstmn.io/update/WIN64/7.19.1/stable?installationId=78c2094c-3c4d-400b-b8e5-4f2342b0211b&userId=8219635&syncEnabled=true&teamPlan=
2020-03-24 20:28:37> FileDownloader: Downloading url: https://dl.pstmn.io/update/WIN64/7.19.1/stable/RELEASES?installationId=78c2094c-3c4d-400b-b8e5-4f2342b0211b&userId=8219635&syncEnabled=true&teamPlan=&id=Postman-win64&localVersion=7.19.1&arch=amd64
2020-03-24 20:28:51> UpdateInfo: Couldn't get release notes for:Postman-win64-7.21.0-full.nupkg: System.IO.FileNotFoundException: 未能找到文件“C:\Users\kebo\AppData\Local\Postman\packages\Postman-win64-7.21.0-full.nupkg”。
文件名:“C:\Users\kebo\AppData\Local\Postman\packages\Postman-win64-7.21.0-full.nupkg”
   在 System.IO.__Error.WinIOError(Int32 errorCode, String maybeFullPath)
   在 System.IO.FileStream.Init(String path, FileMode mode, FileAccess access, Int32 rights, Boolean useRights, FileShare share, Int32 bufferSize, FileOptions options, SECURITY_ATTRIBUTES secAttrs, String msgPath, Boolean bFromProxy, Boolean useLongPath, Boolean checkHost)
   在 System.IO.FileStream..ctor(String path, FileMode mode, FileAccess access, FileShare share)
   在 NuGet.ZipPackage.<>c__DisplayClass9_0.<.ctor>b__0()
   在 NuGet.ZipPackage.EnsureManifest()
   在 NuGet.ZipPackage..ctor(String filePath, Boolean enableCaching)
   在 Squirrel.ReleaseEntry.GetReleaseNotes(String packageDirectory)
   在 Squirrel.UpdateInfo.<FetchReleaseNotes>b__19_0(ReleaseEntry x)
2020-03-24 20:28:51> Program: Starting Squirrel Updater: --update https://dl.pstmn.io/update/WIN64/7.19.1/stable?installationId=78c2094c-3c4d-400b-b8e5-4f2342b0211b&userId=8219635&syncEnabled=true&teamPlan=
2020-03-24 20:28:51> Program: Starting update, downloading from https://dl.pstmn.io/update/WIN64/7.19.1/stable?installationId=78c2094c-3c4d-400b-b8e5-4f2342b0211b&userId=8219635&syncEnabled=true&teamPlan=
2020-03-24 20:28:51> Program: About to update to: C:\Users\kebo\AppData\Local\Postman
2020-03-24 20:28:51> CheckForUpdateImpl: Using existing staging user ID: 7625446b-966d-56f8-8bc8-baf1a4c7727b
2020-03-24 20:28:51> CheckForUpdateImpl: Downloading RELEASES file from https://dl.pstmn.io/update/WIN64/7.19.1/stable?installationId=78c2094c-3c4d-400b-b8e5-4f2342b0211b&userId=8219635&syncEnabled=true&teamPlan=
2020-03-24 20:28:52> FileDownloader: Downloading url: https://dl.pstmn.io/update/WIN64/7.19.1/stable/RELEASES?installationId=78c2094c-3c4d-400b-b8e5-4f2342b0211b&userId=8219635&syncEnabled=true&teamPlan=&id=Postman-win64&localVersion=7.19.1&arch=amd64
2020-03-24 20:29:11> FileDownloader: Downloading file: https://dl.pstmn.io/download/7.21.0/Postman-win64-7.21.0-full.nupkg
2020-03-24 20:51:30> IEnableLogger: Failed downloading URL: https://dl.pstmn.io/download/7.21.0/Postman-win64-7.21.0-full.nupkg: System.Net.WebException: 在 WebClient 请求期间发生异常。 ---> System.IO.IOException: 无法从传输连接中读取数据: 由于连接方在一段时间后没有正确答复或连接的主机没有反应，连接尝试失败。。 ---> System.Net.Sockets.SocketException: 由于连接方在一段时间后没有正确答复或连接的主机没有反应，连接尝试失败。
   在 System.Net.Sockets.Socket.EndReceive(IAsyncResult asyncResult)
   在 System.Net.Sockets.NetworkStream.EndRead(IAsyncResult asyncResult)
   --- 内部异常堆栈跟踪的结尾 ---
   在 System.Net.ConnectStream.EndRead(IAsyncResult asyncResult)
   在 System.Net.WebClient.DownloadBitsReadCallbackState(DownloadBitsState state, IAsyncResult result)
   --- 内部异常堆栈跟踪的结尾 ---
   在 System.Runtime.CompilerServices.TaskAwaiter.ThrowForNonSuccess(Task task)
   在 System.Runtime.CompilerServices.TaskAwaiter.HandleNonSuccessAndDebuggerNotification(Task task)
   在 Squirrel.FileDownloader.<>c__DisplayClass2_2.<<DownloadFile>b__1>d.MoveNext()
--- 引发异常的上一位置中堆栈跟踪的末尾 ---
   在 System.Runtime.CompilerServices.TaskAwaiter.ThrowForNonSuccess(Task task)
   在 System.Runtime.CompilerServices.TaskAwaiter.HandleNonSuccessAndDebuggerNotification(Task task)
   在 Squirrel.Utility.<LogIfThrows>d__42.MoveNext()
2020-03-24 20:51:30> FileDownloader: Downloading file: https://dl.pstmn.io/download/7.21.0/postman-win64-7.21.0-full.nupkg
2020-03-24 20:52:43> ApplyReleasesImpl: Writing files to app directory: C:\Users\kebo\AppData\Local\Postman\app-7.21.0
2020-03-24 20:52:46> LogHost: Rigging execution stub for Postman_ExecutionStub.exe to C:\Users\kebo\AppData\Local\Postman\Postman.exe
2020-03-24 20:52:49> ApplyReleasesImpl: Squirrel Enabled Apps: [C:\Users\kebo\AppData\Local\Postman\app-7.21.0\Postman.exe]
2020-03-24 20:52:52> ApplyReleasesImpl: Starting fixPinnedExecutables
2020-03-24 20:52:52> ApplyReleasesImpl: Examining Pin: File Explorer.lnk
2020-03-24 20:52:52> ApplyReleasesImpl: Examining Pin: Google Chrome.lnk
2020-03-24 20:52:52> ApplyReleasesImpl: Fixing up tray icons
2020-03-24 20:52:52> ApplyReleasesImpl: cleanDeadVersions: for version 7.21.0
2020-03-24 20:52:52> ApplyReleasesImpl: cleanDeadVersions: exclude folder app-7.19.1
2020-03-24 20:52:52> ApplyReleasesImpl: cleanDeadVersions: exclude folder app-7.21.0
2020-03-24 20:52:58> InstallHelperImpl: Couldn't write uninstall icon, don't care: System.Net.WebException: 未能找到路径“C:\Users\Administrator\buildkite-agent\builds\pm-build\postman\app-package-and-deploy\resources\postman-prod.ico”的一部分。 ---> System.Net.WebException: 未能找到路径“C:\Users\Administrator\buildkite-agent\builds\pm-build\postman\app-package-and-deploy\resources\postman-prod.ico”的一部分。 ---> System.IO.DirectoryNotFoundException: 未能找到路径“C:\Users\Administrator\buildkite-agent\builds\pm-build\postman\app-package-and-deploy\resources\postman-prod.ico”的一部分。
   在 System.IO.__Error.WinIOError(Int32 errorCode, String maybeFullPath)
   在 System.IO.FileStream.Init(String path, FileMode mode, FileAccess access, Int32 rights, Boolean useRights, FileShare share, Int32 bufferSize, FileOptions options, SECURITY_ATTRIBUTES secAttrs, String msgPath, Boolean bFromProxy, Boolean useLongPath, Boolean checkHost)
   在 System.IO.FileStream..ctor(String path, FileMode mode, FileAccess access, FileShare share, Int32 bufferSize, FileOptions options, String msgPath, Boolean bFromProxy)
   在 System.Net.FileWebStream..ctor(FileWebRequest request, String path, FileMode mode, FileAccess access, FileShare sharing, Int32 length, Boolean async)
   在 System.Net.FileWebResponse..ctor(FileWebRequest request, Uri uri, FileAccess access, Boolean asyncHint)
   --- 内部异常堆栈跟踪的结尾 ---
   在 System.Net.FileWebResponse..ctor(FileWebRequest request, Uri uri, FileAccess access, Boolean asyncHint)
   在 System.Net.FileWebRequest.GetResponseCallback(Object state)
   --- 内部异常堆栈跟踪的结尾 ---
   在 System.Net.FileWebRequest.EndGetResponse(IAsyncResult asyncResult)
   在 System.Net.WebClient.GetWebResponse(WebRequest request, IAsyncResult result)
   在 System.Net.WebClient.DownloadBitsResponseCallback(IAsyncResult result)
--- 引发异常的上一位置中堆栈跟踪的末尾 ---
   在 System.Runtime.CompilerServices.TaskAwaiter.ThrowForNonSuccess(Task task)
   在 System.Runtime.CompilerServices.TaskAwaiter.HandleNonSuccessAndDebuggerNotification(Task task)
   在 System.Runtime.CompilerServices.TaskAwaiter.ValidateEnd(Task task)
   在 Squirrel.UpdateManager.InstallHelperImpl.<CreateUninstallerRegistryEntry>d__5.MoveNext()
